2019-06-05T09:59:54+00:00 CRITICAL Uncaught Error: Class 'WR_Nitro' not found in /Users/kenshin/Desktop/web/codeshark_shoes/wp-content/themes/wr-nitro/404.php:13
Stack trace:
#0 /Users/kenshin/Desktop/web/codeshark_shoes/wp-includes/template-loader.php(78): include()
#1 /Users/kenshin/Desktop/web/codeshark_shoes/wp-blog-header.php(19): require_once('/Users/kenshin/...')
#2 /Users/kenshin/Desktop/web/codeshark_shoes/index.php(17): require('/Users/kenshin/...')
#3 {main}
  thrown in /Users/kenshin/Desktop/web/codeshark_shoes/wp-content/themes/wr-nitro/404.php on line 13

2019-06-05T09:59:59+00:00 CRITICAL Uncaught Error: Class 'WR_Nitro' not found in /Users/kenshin/Desktop/web/codeshark_shoes/wp-content/themes/wr-nitro/404.php:13
Stack trace:
#0 /Users/kenshin/Desktop/web/codeshark_shoes/wp-includes/template-loader.php(78): include()
#1 /Users/kenshin/Desktop/web/codeshark_shoes/wp-blog-header.php(19): require_once('/Users/kenshin/...')
#2 /Users/kenshin/Desktop/web/codeshark_shoes/index.php(17): require('/Users/kenshin/...')
#3 {main}
  thrown in /Users/kenshin/Desktop/web/codeshark_shoes/wp-content/themes/wr-nitro/404.php on line 13

2019-06-05T10:00:01+00:00 CRITICAL Uncaught Error: Class 'WR_Nitro' not found in /Users/kenshin/Desktop/web/codeshark_shoes/wp-content/themes/wr-nitro/404.php:13
Stack trace:
#0 /Users/kenshin/Desktop/web/codeshark_shoes/wp-includes/template-loader.php(78): include()
#1 /Users/kenshin/Desktop/web/codeshark_shoes/wp-blog-header.php(19): require_once('/Users/kenshin/...')
#2 /Users/kenshin/Desktop/web/codeshark_shoes/index.php(17): require('/Users/kenshin/...')
#3 {main}
  thrown in /Users/kenshin/Desktop/web/codeshark_shoes/wp-content/themes/wr-nitro/404.php on line 13

2019-06-05T10:00:01+00:00 CRITICAL Uncaught Error: Class 'WR_Nitro' not found in /Users/kenshin/Desktop/web/codeshark_shoes/wp-content/themes/wr-nitro/404.php:13
Stack trace:
#0 /Users/kenshin/Desktop/web/codeshark_shoes/wp-includes/template-loader.php(78): include()
#1 /Users/kenshin/Desktop/web/codeshark_shoes/wp-blog-header.php(19): require_once('/Users/kenshin/...')
#2 /Users/kenshin/Desktop/web/codeshark_shoes/index.php(17): require('/Users/kenshin/...')
#3 {main}
  thrown in /Users/kenshin/Desktop/web/codeshark_shoes/wp-content/themes/wr-nitro/404.php on line 13

2019-06-05T10:00:02+00:00 CRITICAL Uncaught Error: Class 'WR_Nitro' not found in /Users/kenshin/Desktop/web/codeshark_shoes/wp-content/themes/wr-nitro/404.php:13
Stack trace:
#0 /Users/kenshin/Desktop/web/codeshark_shoes/wp-includes/template-loader.php(78): include()
#1 /Users/kenshin/Desktop/web/codeshark_shoes/wp-blog-header.php(19): require_once('/Users/kenshin/...')
#2 /Users/kenshin/Desktop/web/codeshark_shoes/index.php(17): require('/Users/kenshin/...')
#3 {main}
  thrown in /Users/kenshin/Desktop/web/codeshark_shoes/wp-content/themes/wr-nitro/404.php on line 13

2019-06-05T10:00:02+00:00 CRITICAL Uncaught Error: Class 'WR_Nitro' not found in /Users/kenshin/Desktop/web/codeshark_shoes/wp-content/themes/wr-nitro/404.php:13
Stack trace:
#0 /Users/kenshin/Desktop/web/codeshark_shoes/wp-includes/template-loader.php(78): include()
#1 /Users/kenshin/Desktop/web/codeshark_shoes/wp-blog-header.php(19): require_once('/Users/kenshin/...')
#2 /Users/kenshin/Desktop/web/codeshark_shoes/index.php(17): require('/Users/kenshin/...')
#3 {main}
  thrown in /Users/kenshin/Desktop/web/codeshark_shoes/wp-content/themes/wr-nitro/404.php on line 13

2019-06-05T10:00:02+00:00 CRITICAL Uncaught Error: Class 'WR_Nitro' not found in /Users/kenshin/Desktop/web/codeshark_shoes/wp-content/themes/wr-nitro/404.php:13
Stack trace:
#0 /Users/kenshin/Desktop/web/codeshark_shoes/wp-includes/template-loader.php(78): include()
#1 /Users/kenshin/Desktop/web/codeshark_shoes/wp-blog-header.php(19): require_once('/Users/kenshin/...')
#2 /Users/kenshin/Desktop/web/codeshark_shoes/index.php(17): require('/Users/kenshin/...')
#3 {main}
  thrown in /Users/kenshin/Desktop/web/codeshark_shoes/wp-content/themes/wr-nitro/404.php on line 13

2019-06-05T10:00:03+00:00 CRITICAL Uncaught Error: Class 'WR_Nitro' not found in /Users/kenshin/Desktop/web/codeshark_shoes/wp-content/themes/wr-nitro/404.php:13
Stack trace:
#0 /Users/kenshin/Desktop/web/codeshark_shoes/wp-includes/template-loader.php(78): include()
#1 /Users/kenshin/Desktop/web/codeshark_shoes/wp-blog-header.php(19): require_once('/Users/kenshin/...')
#2 /Users/kenshin/Desktop/web/codeshark_shoes/index.php(17): require('/Users/kenshin/...')
#3 {main}
  thrown in /Users/kenshin/Desktop/web/codeshark_shoes/wp-content/themes/wr-nitro/404.php on line 13

2019-06-05T10:00:03+00:00 CRITICAL Uncaught Error: Class 'WR_Nitro' not found in /Users/kenshin/Desktop/web/codeshark_shoes/wp-content/themes/wr-nitro/404.php:13
Stack trace:
#0 /Users/kenshin/Desktop/web/codeshark_shoes/wp-includes/template-loader.php(78): include()
#1 /Users/kenshin/Desktop/web/codeshark_shoes/wp-blog-header.php(19): require_once('/Users/kenshin/...')
#2 /Users/kenshin/Desktop/web/codeshark_shoes/index.php(17): require('/Users/kenshin/...')
#3 {main}
  thrown in /Users/kenshin/Desktop/web/codeshark_shoes/wp-content/themes/wr-nitro/404.php on line 13

2019-06-05T10:00:03+00:00 CRITICAL Uncaught Error: Class 'WR_Nitro' not found in /Users/kenshin/Desktop/web/codeshark_shoes/wp-content/themes/wr-nitro/404.php:13
Stack trace:
#0 /Users/kenshin/Desktop/web/codeshark_shoes/wp-includes/template-loader.php(78): include()
#1 /Users/kenshin/Desktop/web/codeshark_shoes/wp-blog-header.php(19): require_once('/Users/kenshin/...')
#2 /Users/kenshin/Desktop/web/codeshark_shoes/index.php(17): require('/Users/kenshin/...')
#3 {main}
  thrown in /Users/kenshin/Desktop/web/codeshark_shoes/wp-content/themes/wr-nitro/404.php on line 13

2019-06-05T10:00:04+00:00 CRITICAL Uncaught Error: Class 'WR_Nitro' not found in /Users/kenshin/Desktop/web/codeshark_shoes/wp-content/themes/wr-nitro/404.php:13
Stack trace:
#0 /Users/kenshin/Desktop/web/codeshark_shoes/wp-includes/template-loader.php(78): include()
#1 /Users/kenshin/Desktop/web/codeshark_shoes/wp-blog-header.php(19): require_once('/Users/kenshin/...')
#2 /Users/kenshin/Desktop/web/codeshark_shoes/index.php(17): require('/Users/kenshin/...')
#3 {main}
  thrown in /Users/kenshin/Desktop/web/codeshark_shoes/wp-content/themes/wr-nitro/404.php on line 13

2019-06-05T10:00:04+00:00 CRITICAL Uncaught Error: Class 'WR_Nitro' not found in /Users/kenshin/Desktop/web/codeshark_shoes/wp-content/themes/wr-nitro/404.php:13
Stack trace:
#0 /Users/kenshin/Desktop/web/codeshark_shoes/wp-includes/template-loader.php(78): include()
#1 /Users/kenshin/Desktop/web/codeshark_shoes/wp-blog-header.php(19): require_once('/Users/kenshin/...')
#2 /Users/kenshin/Desktop/web/codeshark_shoes/index.php(17): require('/Users/kenshin/...')
#3 {main}
  thrown in /Users/kenshin/Desktop/web/codeshark_shoes/wp-content/themes/wr-nitro/404.php on line 13

2019-06-05T10:00:04+00:00 CRITICAL Uncaught Error: Class 'WR_Nitro' not found in /Users/kenshin/Desktop/web/codeshark_shoes/wp-content/themes/wr-nitro/404.php:13
Stack trace:
#0 /Users/kenshin/Desktop/web/codeshark_shoes/wp-includes/template-loader.php(78): include()
#1 /Users/kenshin/Desktop/web/codeshark_shoes/wp-blog-header.php(19): require_once('/Users/kenshin/...')
#2 /Users/kenshin/Desktop/web/codeshark_shoes/index.php(17): require('/Users/kenshin/...')
#3 {main}
  thrown in /Users/kenshin/Desktop/web/codeshark_shoes/wp-content/themes/wr-nitro/404.php on line 13

2019-06-05T10:00:04+00:00 CRITICAL Uncaught Error: Class 'WR_Nitro' not found in /Users/kenshin/Desktop/web/codeshark_shoes/wp-content/themes/wr-nitro/404.php:13
Stack trace:
#0 /Users/kenshin/Desktop/web/codeshark_shoes/wp-includes/template-loader.php(78): include()
#1 /Users/kenshin/Desktop/web/codeshark_shoes/wp-blog-header.php(19): require_once('/Users/kenshin/...')
#2 /Users/kenshin/Desktop/web/codeshark_shoes/index.php(17): require('/Users/kenshin/...')
#3 {main}
  thrown in /Users/kenshin/Desktop/web/codeshark_shoes/wp-content/themes/wr-nitro/404.php on line 13

2019-06-05T10:00:05+00:00 CRITICAL Uncaught Error: Class 'WR_Nitro' not found in /Users/kenshin/Desktop/web/codeshark_shoes/wp-content/themes/wr-nitro/404.php:13
Stack trace:
#0 /Users/kenshin/Desktop/web/codeshark_shoes/wp-includes/template-loader.php(78): include()
#1 /Users/kenshin/Desktop/web/codeshark_shoes/wp-blog-header.php(19): require_once('/Users/kenshin/...')
#2 /Users/kenshin/Desktop/web/codeshark_shoes/index.php(17): require('/Users/kenshin/...')
#3 {main}
  thrown in /Users/kenshin/Desktop/web/codeshark_shoes/wp-content/themes/wr-nitro/404.php on line 13

2019-06-05T10:00:05+00:00 CRITICAL Uncaught Error: Class 'WR_Nitro' not found in /Users/kenshin/Desktop/web/codeshark_shoes/wp-content/themes/wr-nitro/404.php:13
Stack trace:
#0 /Users/kenshin/Desktop/web/codeshark_shoes/wp-includes/template-loader.php(78): include()
#1 /Users/kenshin/Desktop/web/codeshark_shoes/wp-blog-header.php(19): require_once('/Users/kenshin/...')
#2 /Users/kenshin/Desktop/web/codeshark_shoes/index.php(17): require('/Users/kenshin/...')
#3 {main}
  thrown in /Users/kenshin/Desktop/web/codeshark_shoes/wp-content/themes/wr-nitro/404.php on line 13

2019-06-05T10:00:05+00:00 CRITICAL Uncaught Error: Class 'WR_Nitro' not found in /Users/kenshin/Desktop/web/codeshark_shoes/wp-content/themes/wr-nitro/404.php:13
Stack trace:
#0 /Users/kenshin/Desktop/web/codeshark_shoes/wp-includes/template-loader.php(78): include()
#1 /Users/kenshin/Desktop/web/codeshark_shoes/wp-blog-header.php(19): require_once('/Users/kenshin/...')
#2 /Users/kenshin/Desktop/web/codeshark_shoes/index.php(17): require('/Users/kenshin/...')
#3 {main}
  thrown in /Users/kenshin/Desktop/web/codeshark_shoes/wp-content/themes/wr-nitro/404.php on line 13

2019-06-05T10:00:06+00:00 CRITICAL Uncaught Error: Class 'WR_Nitro' not found in /Users/kenshin/Desktop/web/codeshark_shoes/wp-content/themes/wr-nitro/404.php:13
Stack trace:
#0 /Users/kenshin/Desktop/web/codeshark_shoes/wp-includes/template-loader.php(78): include()
#1 /Users/kenshin/Desktop/web/codeshark_shoes/wp-blog-header.php(19): require_once('/Users/kenshin/...')
#2 /Users/kenshin/Desktop/web/codeshark_shoes/index.php(17): require('/Users/kenshin/...')
#3 {main}
  thrown in /Users/kenshin/Desktop/web/codeshark_shoes/wp-content/themes/wr-nitro/404.php on line 13

2019-06-05T10:00:06+00:00 CRITICAL Uncaught Error: Class 'WR_Nitro' not found in /Users/kenshin/Desktop/web/codeshark_shoes/wp-content/themes/wr-nitro/404.php:13
Stack trace:
#0 /Users/kenshin/Desktop/web/codeshark_shoes/wp-includes/template-loader.php(78): include()
#1 /Users/kenshin/Desktop/web/codeshark_shoes/wp-blog-header.php(19): require_once('/Users/kenshin/...')
#2 /Users/kenshin/Desktop/web/codeshark_shoes/index.php(17): require('/Users/kenshin/...')
#3 {main}
  thrown in /Users/kenshin/Desktop/web/codeshark_shoes/wp-content/themes/wr-nitro/404.php on line 13

2019-06-05T10:00:06+00:00 CRITICAL Uncaught Error: Class 'WR_Nitro' not found in /Users/kenshin/Desktop/web/codeshark_shoes/wp-content/themes/wr-nitro/404.php:13
Stack trace:
#0 /Users/kenshin/Desktop/web/codeshark_shoes/wp-includes/template-loader.php(78): include()
#1 /Users/kenshin/Desktop/web/codeshark_shoes/wp-blog-header.php(19): require_once('/Users/kenshin/...')
#2 /Users/kenshin/Desktop/web/codeshark_shoes/index.php(17): require('/Users/kenshin/...')
#3 {main}
  thrown in /Users/kenshin/Desktop/web/codeshark_shoes/wp-content/themes/wr-nitro/404.php on line 13

2019-06-05T10:00:06+00:00 CRITICAL Uncaught Error: Class 'WR_Nitro' not found in /Users/kenshin/Desktop/web/codeshark_shoes/wp-content/themes/wr-nitro/404.php:13
Stack trace:
#0 /Users/kenshin/Desktop/web/codeshark_shoes/wp-includes/template-loader.php(78): include()
#1 /Users/kenshin/Desktop/web/codeshark_shoes/wp-blog-header.php(19): require_once('/Users/kenshin/...')
#2 /Users/kenshin/Desktop/web/codeshark_shoes/index.php(17): require('/Users/kenshin/...')
#3 {main}
  thrown in /Users/kenshin/Desktop/web/codeshark_shoes/wp-content/themes/wr-nitro/404.php on line 13

2019-06-05T10:00:07+00:00 CRITICAL Uncaught Error: Class 'WR_Nitro' not found in /Users/kenshin/Desktop/web/codeshark_shoes/wp-content/themes/wr-nitro/404.php:13
Stack trace:
#0 /Users/kenshin/Desktop/web/codeshark_shoes/wp-includes/template-loader.php(78): include()
#1 /Users/kenshin/Desktop/web/codeshark_shoes/wp-blog-header.php(19): require_once('/Users/kenshin/...')
#2 /Users/kenshin/Desktop/web/codeshark_shoes/index.php(17): require('/Users/kenshin/...')
#3 {main}
  thrown in /Users/kenshin/Desktop/web/codeshark_shoes/wp-content/themes/wr-nitro/404.php on line 13

2019-06-05T10:00:07+00:00 CRITICAL Uncaught Error: Class 'WR_Nitro' not found in /Users/kenshin/Desktop/web/codeshark_shoes/wp-content/themes/wr-nitro/404.php:13
Stack trace:
#0 /Users/kenshin/Desktop/web/codeshark_shoes/wp-includes/template-loader.php(78): include()
#1 /Users/kenshin/Desktop/web/codeshark_shoes/wp-blog-header.php(19): require_once('/Users/kenshin/...')
#2 /Users/kenshin/Desktop/web/codeshark_shoes/index.php(17): require('/Users/kenshin/...')
#3 {main}
  thrown in /Users/kenshin/Desktop/web/codeshark_shoes/wp-content/themes/wr-nitro/404.php on line 13

2019-06-05T10:00:07+00:00 CRITICAL Uncaught Error: Class 'WR_Nitro' not found in /Users/kenshin/Desktop/web/codeshark_shoes/wp-content/themes/wr-nitro/404.php:13
Stack trace:
#0 /Users/kenshin/Desktop/web/codeshark_shoes/wp-includes/template-loader.php(78): include()
#1 /Users/kenshin/Desktop/web/codeshark_shoes/wp-blog-header.php(19): require_once('/Users/kenshin/...')
#2 /Users/kenshin/Desktop/web/codeshark_shoes/index.php(17): require('/Users/kenshin/...')
#3 {main}
  thrown in /Users/kenshin/Desktop/web/codeshark_shoes/wp-content/themes/wr-nitro/404.php on line 13

2019-06-05T10:00:07+00:00 CRITICAL Uncaught Error: Class 'WR_Nitro' not found in /Users/kenshin/Desktop/web/codeshark_shoes/wp-content/themes/wr-nitro/404.php:13
Stack trace:
#0 /Users/kenshin/Desktop/web/codeshark_shoes/wp-includes/template-loader.php(78): include()
#1 /Users/kenshin/Desktop/web/codeshark_shoes/wp-blog-header.php(19): require_once('/Users/kenshin/...')
#2 /Users/kenshin/Desktop/web/codeshark_shoes/index.php(17): require('/Users/kenshin/...')
#3 {main}
  thrown in /Users/kenshin/Desktop/web/codeshark_shoes/wp-content/themes/wr-nitro/404.php on line 13

2019-06-05T10:00:08+00:00 CRITICAL Uncaught Error: Class 'WR_Nitro' not found in /Users/kenshin/Desktop/web/codeshark_shoes/wp-content/themes/wr-nitro/404.php:13
Stack trace:
#0 /Users/kenshin/Desktop/web/codeshark_shoes/wp-includes/template-loader.php(78): include()
#1 /Users/kenshin/Desktop/web/codeshark_shoes/wp-blog-header.php(19): require_once('/Users/kenshin/...')
#2 /Users/kenshin/Desktop/web/codeshark_shoes/index.php(17): require('/Users/kenshin/...')
#3 {main}
  thrown in /Users/kenshin/Desktop/web/codeshark_shoes/wp-content/themes/wr-nitro/404.php on line 13

2019-06-05T10:00:08+00:00 CRITICAL Uncaught Error: Class 'WR_Nitro' not found in /Users/kenshin/Desktop/web/codeshark_shoes/wp-content/themes/wr-nitro/404.php:13
Stack trace:
#0 /Users/kenshin/Desktop/web/codeshark_shoes/wp-includes/template-loader.php(78): include()
#1 /Users/kenshin/Desktop/web/codeshark_shoes/wp-blog-header.php(19): require_once('/Users/kenshin/...')
#2 /Users/kenshin/Desktop/web/codeshark_shoes/index.php(17): require('/Users/kenshin/...')
#3 {main}
  thrown in /Users/kenshin/Desktop/web/codeshark_shoes/wp-content/themes/wr-nitro/404.php on line 13

2019-06-05T10:00:08+00:00 CRITICAL Uncaught Error: Class 'WR_Nitro' not found in /Users/kenshin/Desktop/web/codeshark_shoes/wp-content/themes/wr-nitro/404.php:13
Stack trace:
#0 /Users/kenshin/Desktop/web/codeshark_shoes/wp-includes/template-loader.php(78): include()
#1 /Users/kenshin/Desktop/web/codeshark_shoes/wp-blog-header.php(19): require_once('/Users/kenshin/...')
#2 /Users/kenshin/Desktop/web/codeshark_shoes/index.php(17): require('/Users/kenshin/...')
#3 {main}
  thrown in /Users/kenshin/Desktop/web/codeshark_shoes/wp-content/themes/wr-nitro/404.php on line 13

2019-06-05T10:00:09+00:00 CRITICAL Uncaught Error: Class 'WR_Nitro' not found in /Users/kenshin/Desktop/web/codeshark_shoes/wp-content/themes/wr-nitro/404.php:13
Stack trace:
#0 /Users/kenshin/Desktop/web/codeshark_shoes/wp-includes/template-loader.php(78): include()
#1 /Users/kenshin/Desktop/web/codeshark_shoes/wp-blog-header.php(19): require_once('/Users/kenshin/...')
#2 /Users/kenshin/Desktop/web/codeshark_shoes/index.php(17): require('/Users/kenshin/...')
#3 {main}
  thrown in /Users/kenshin/Desktop/web/codeshark_shoes/wp-content/themes/wr-nitro/404.php on line 13

2019-06-05T10:00:09+00:00 CRITICAL Uncaught Error: Class 'WR_Nitro' not found in /Users/kenshin/Desktop/web/codeshark_shoes/wp-content/themes/wr-nitro/404.php:13
Stack trace:
#0 /Users/kenshin/Desktop/web/codeshark_shoes/wp-includes/template-loader.php(78): include()
#1 /Users/kenshin/Desktop/web/codeshark_shoes/wp-blog-header.php(19): require_once('/Users/kenshin/...')
#2 /Users/kenshin/Desktop/web/codeshark_shoes/index.php(17): require('/Users/kenshin/...')
#3 {main}
  thrown in /Users/kenshin/Desktop/web/codeshark_shoes/wp-content/themes/wr-nitro/404.php on line 13

2019-06-05T10:00:10+00:00 CRITICAL Uncaught Error: Class 'WR_Nitro' not found in /Users/kenshin/Desktop/web/codeshark_shoes/wp-content/themes/wr-nitro/404.php:13
Stack trace:
#0 /Users/kenshin/Desktop/web/codeshark_shoes/wp-includes/template-loader.php(78): include()
#1 /Users/kenshin/Desktop/web/codeshark_shoes/wp-blog-header.php(19): require_once('/Users/kenshin/...')
#2 /Users/kenshin/Desktop/web/codeshark_shoes/index.php(17): require('/Users/kenshin/...')
#3 {main}
  thrown in /Users/kenshin/Desktop/web/codeshark_shoes/wp-content/themes/wr-nitro/404.php on line 13

2019-06-05T10:00:10+00:00 CRITICAL Uncaught Error: Class 'WR_Nitro' not found in /Users/kenshin/Desktop/web/codeshark_shoes/wp-content/themes/wr-nitro/404.php:13
Stack trace:
#0 /Users/kenshin/Desktop/web/codeshark_shoes/wp-includes/template-loader.php(78): include()
#1 /Users/kenshin/Desktop/web/codeshark_shoes/wp-blog-header.php(19): require_once('/Users/kenshin/...')
#2 /Users/kenshin/Desktop/web/codeshark_shoes/index.php(17): require('/Users/kenshin/...')
#3 {main}
  thrown in /Users/kenshin/Desktop/web/codeshark_shoes/wp-content/themes/wr-nitro/404.php on line 13

2019-06-05T10:00:10+00:00 CRITICAL Uncaught Error: Class 'WR_Nitro' not found in /Users/kenshin/Desktop/web/codeshark_shoes/wp-content/themes/wr-nitro/404.php:13
Stack trace:
#0 /Users/kenshin/Desktop/web/codeshark_shoes/wp-includes/template-loader.php(78): include()
#1 /Users/kenshin/Desktop/web/codeshark_shoes/wp-blog-header.php(19): require_once('/Users/kenshin/...')
#2 /Users/kenshin/Desktop/web/codeshark_shoes/index.php(17): require('/Users/kenshin/...')
#3 {main}
  thrown in /Users/kenshin/Desktop/web/codeshark_shoes/wp-content/themes/wr-nitro/404.php on line 13

2019-06-05T10:00:11+00:00 CRITICAL Uncaught Error: Class 'WR_Nitro' not found in /Users/kenshin/Desktop/web/codeshark_shoes/wp-content/themes/wr-nitro/404.php:13
Stack trace:
#0 /Users/kenshin/Desktop/web/codeshark_shoes/wp-includes/template-loader.php(78): include()
#1 /Users/kenshin/Desktop/web/codeshark_shoes/wp-blog-header.php(19): require_once('/Users/kenshin/...')
#2 /Users/kenshin/Desktop/web/codeshark_shoes/index.php(17): require('/Users/kenshin/...')
#3 {main}
  thrown in /Users/kenshin/Desktop/web/codeshark_shoes/wp-content/themes/wr-nitro/404.php on line 13

2019-06-05T10:00:11+00:00 CRITICAL Uncaught Error: Class 'WR_Nitro' not found in /Users/kenshin/Desktop/web/codeshark_shoes/wp-content/themes/wr-nitro/404.php:13
Stack trace:
#0 /Users/kenshin/Desktop/web/codeshark_shoes/wp-includes/template-loader.php(78): include()
#1 /Users/kenshin/Desktop/web/codeshark_shoes/wp-blog-header.php(19): require_once('/Users/kenshin/...')
#2 /Users/kenshin/Desktop/web/codeshark_shoes/index.php(17): require('/Users/kenshin/...')
#3 {main}
  thrown in /Users/kenshin/Desktop/web/codeshark_shoes/wp-content/themes/wr-nitro/404.php on line 13

2019-06-05T10:00:11+00:00 CRITICAL Uncaught Error: Class 'WR_Nitro' not found in /Users/kenshin/Desktop/web/codeshark_shoes/wp-content/themes/wr-nitro/404.php:13
Stack trace:
#0 /Users/kenshin/Desktop/web/codeshark_shoes/wp-includes/template-loader.php(78): include()
#1 /Users/kenshin/Desktop/web/codeshark_shoes/wp-blog-header.php(19): require_once('/Users/kenshin/...')
#2 /Users/kenshin/Desktop/web/codeshark_shoes/index.php(17): require('/Users/kenshin/...')
#3 {main}
  thrown in /Users/kenshin/Desktop/web/codeshark_shoes/wp-content/themes/wr-nitro/404.php on line 13

2019-06-05T10:00:11+00:00 CRITICAL Uncaught Error: Class 'WR_Nitro' not found in /Users/kenshin/Desktop/web/codeshark_shoes/wp-content/themes/wr-nitro/404.php:13
Stack trace:
#0 /Users/kenshin/Desktop/web/codeshark_shoes/wp-includes/template-loader.php(78): include()
#1 /Users/kenshin/Desktop/web/codeshark_shoes/wp-blog-header.php(19): require_once('/Users/kenshin/...')
#2 /Users/kenshin/Desktop/web/codeshark_shoes/index.php(17): require('/Users/kenshin/...')
#3 {main}
  thrown in /Users/kenshin/Desktop/web/codeshark_shoes/wp-content/themes/wr-nitro/404.php on line 13

2019-06-05T10:00:12+00:00 CRITICAL Uncaught Error: Class 'WR_Nitro' not found in /Users/kenshin/Desktop/web/codeshark_shoes/wp-content/themes/wr-nitro/404.php:13
Stack trace:
#0 /Users/kenshin/Desktop/web/codeshark_shoes/wp-includes/template-loader.php(78): include()
#1 /Users/kenshin/Desktop/web/codeshark_shoes/wp-blog-header.php(19): require_once('/Users/kenshin/...')
#2 /Users/kenshin/Desktop/web/codeshark_shoes/index.php(17): require('/Users/kenshin/...')
#3 {main}
  thrown in /Users/kenshin/Desktop/web/codeshark_shoes/wp-content/themes/wr-nitro/404.php on line 13

2019-06-05T10:00:12+00:00 CRITICAL Uncaught Error: Class 'WR_Nitro' not found in /Users/kenshin/Desktop/web/codeshark_shoes/wp-content/themes/wr-nitro/404.php:13
Stack trace:
#0 /Users/kenshin/Desktop/web/codeshark_shoes/wp-includes/template-loader.php(78): include()
#1 /Users/kenshin/Desktop/web/codeshark_shoes/wp-blog-header.php(19): require_once('/Users/kenshin/...')
#2 /Users/kenshin/Desktop/web/codeshark_shoes/index.php(17): require('/Users/kenshin/...')
#3 {main}
  thrown in /Users/kenshin/Desktop/web/codeshark_shoes/wp-content/themes/wr-nitro/404.php on line 13

2019-06-05T10:00:12+00:00 CRITICAL Uncaught Error: Class 'WR_Nitro' not found in /Users/kenshin/Desktop/web/codeshark_shoes/wp-content/themes/wr-nitro/404.php:13
Stack trace:
#0 /Users/kenshin/Desktop/web/codeshark_shoes/wp-includes/template-loader.php(78): include()
#1 /Users/kenshin/Desktop/web/codeshark_shoes/wp-blog-header.php(19): require_once('/Users/kenshin/...')
#2 /Users/kenshin/Desktop/web/codeshark_shoes/index.php(17): require('/Users/kenshin/...')
#3 {main}
  thrown in /Users/kenshin/Desktop/web/codeshark_shoes/wp-content/themes/wr-nitro/404.php on line 13

2019-06-05T10:00:12+00:00 CRITICAL Uncaught Error: Class 'WR_Nitro' not found in /Users/kenshin/Desktop/web/codeshark_shoes/wp-content/themes/wr-nitro/404.php:13
Stack trace:
#0 /Users/kenshin/Desktop/web/codeshark_shoes/wp-includes/template-loader.php(78): include()
#1 /Users/kenshin/Desktop/web/codeshark_shoes/wp-blog-header.php(19): require_once('/Users/kenshin/...')
#2 /Users/kenshin/Desktop/web/codeshark_shoes/index.php(17): require('/Users/kenshin/...')
#3 {main}
  thrown in /Users/kenshin/Desktop/web/codeshark_shoes/wp-content/themes/wr-nitro/404.php on line 13

2019-06-05T10:00:13+00:00 CRITICAL Uncaught Error: Class 'WR_Nitro' not found in /Users/kenshin/Desktop/web/codeshark_shoes/wp-content/themes/wr-nitro/404.php:13
Stack trace:
#0 /Users/kenshin/Desktop/web/codeshark_shoes/wp-includes/template-loader.php(78): include()
#1 /Users/kenshin/Desktop/web/codeshark_shoes/wp-blog-header.php(19): require_once('/Users/kenshin/...')
#2 /Users/kenshin/Desktop/web/codeshark_shoes/index.php(17): require('/Users/kenshin/...')
#3 {main}
  thrown in /Users/kenshin/Desktop/web/codeshark_shoes/wp-content/themes/wr-nitro/404.php on line 13

2019-06-05T10:00:13+00:00 CRITICAL Uncaught Error: Class 'WR_Nitro' not found in /Users/kenshin/Desktop/web/codeshark_shoes/wp-content/themes/wr-nitro/404.php:13
Stack trace:
#0 /Users/kenshin/Desktop/web/codeshark_shoes/wp-includes/template-loader.php(78): include()
#1 /Users/kenshin/Desktop/web/codeshark_shoes/wp-blog-header.php(19): require_once('/Users/kenshin/...')
#2 /Users/kenshin/Desktop/web/codeshark_shoes/index.php(17): require('/Users/kenshin/...')
#3 {main}
  thrown in /Users/kenshin/Desktop/web/codeshark_shoes/wp-content/themes/wr-nitro/404.php on line 13

2019-06-05T10:00:13+00:00 CRITICAL Uncaught Error: Class 'WR_Nitro' not found in /Users/kenshin/Desktop/web/codeshark_shoes/wp-content/themes/wr-nitro/404.php:13
Stack trace:
#0 /Users/kenshin/Desktop/web/codeshark_shoes/wp-includes/template-loader.php(78): include()
#1 /Users/kenshin/Desktop/web/codeshark_shoes/wp-blog-header.php(19): require_once('/Users/kenshin/...')
#2 /Users/kenshin/Desktop/web/codeshark_shoes/index.php(17): require('/Users/kenshin/...')
#3 {main}
  thrown in /Users/kenshin/Desktop/web/codeshark_shoes/wp-content/themes/wr-nitro/404.php on line 13

2019-06-05T10:00:14+00:00 CRITICAL Uncaught Error: Class 'WR_Nitro' not found in /Users/kenshin/Desktop/web/codeshark_shoes/wp-content/themes/wr-nitro/404.php:13
Stack trace:
#0 /Users/kenshin/Desktop/web/codeshark_shoes/wp-includes/template-loader.php(78): include()
#1 /Users/kenshin/Desktop/web/codeshark_shoes/wp-blog-header.php(19): require_once('/Users/kenshin/...')
#2 /Users/kenshin/Desktop/web/codeshark_shoes/index.php(17): require('/Users/kenshin/...')
#3 {main}
  thrown in /Users/kenshin/Desktop/web/codeshark_shoes/wp-content/themes/wr-nitro/404.php on line 13

2019-06-05T10:00:14+00:00 CRITICAL Uncaught Error: Class 'WR_Nitro' not found in /Users/kenshin/Desktop/web/codeshark_shoes/wp-content/themes/wr-nitro/404.php:13
Stack trace:
#0 /Users/kenshin/Desktop/web/codeshark_shoes/wp-includes/template-loader.php(78): include()
#1 /Users/kenshin/Desktop/web/codeshark_shoes/wp-blog-header.php(19): require_once('/Users/kenshin/...')
#2 /Users/kenshin/Desktop/web/codeshark_shoes/index.php(17): require('/Users/kenshin/...')
#3 {main}
  thrown in /Users/kenshin/Desktop/web/codeshark_shoes/wp-content/themes/wr-nitro/404.php on line 13

2019-06-05T10:00:14+00:00 CRITICAL Uncaught Error: Class 'WR_Nitro' not found in /Users/kenshin/Desktop/web/codeshark_shoes/wp-content/themes/wr-nitro/404.php:13
Stack trace:
#0 /Users/kenshin/Desktop/web/codeshark_shoes/wp-includes/template-loader.php(78): include()
#1 /Users/kenshin/Desktop/web/codeshark_shoes/wp-blog-header.php(19): require_once('/Users/kenshin/...')
#2 /Users/kenshin/Desktop/web/codeshark_shoes/index.php(17): require('/Users/kenshin/...')
#3 {main}
  thrown in /Users/kenshin/Desktop/web/codeshark_shoes/wp-content/themes/wr-nitro/404.php on line 13

2019-06-05T10:00:15+00:00 CRITICAL Uncaught Error: Class 'WR_Nitro' not found in /Users/kenshin/Desktop/web/codeshark_shoes/wp-content/themes/wr-nitro/404.php:13
Stack trace:
#0 /Users/kenshin/Desktop/web/codeshark_shoes/wp-includes/template-loader.php(78): include()
#1 /Users/kenshin/Desktop/web/codeshark_shoes/wp-blog-header.php(19): require_once('/Users/kenshin/...')
#2 /Users/kenshin/Desktop/web/codeshark_shoes/index.php(17): require('/Users/kenshin/...')
#3 {main}
  thrown in /Users/kenshin/Desktop/web/codeshark_shoes/wp-content/themes/wr-nitro/404.php on line 13

2019-06-05T10:00:15+00:00 CRITICAL Uncaught Error: Class 'WR_Nitro' not found in /Users/kenshin/Desktop/web/codeshark_shoes/wp-content/themes/wr-nitro/404.php:13
Stack trace:
#0 /Users/kenshin/Desktop/web/codeshark_shoes/wp-includes/template-loader.php(78): include()
#1 /Users/kenshin/Desktop/web/codeshark_shoes/wp-blog-header.php(19): require_once('/Users/kenshin/...')
#2 /Users/kenshin/Desktop/web/codeshark_shoes/index.php(17): require('/Users/kenshin/...')
#3 {main}
  thrown in /Users/kenshin/Desktop/web/codeshark_shoes/wp-content/themes/wr-nitro/404.php on line 13

2019-06-05T10:00:15+00:00 CRITICAL Uncaught Error: Class 'WR_Nitro' not found in /Users/kenshin/Desktop/web/codeshark_shoes/wp-content/themes/wr-nitro/404.php:13
Stack trace:
#0 /Users/kenshin/Desktop/web/codeshark_shoes/wp-includes/template-loader.php(78): include()
#1 /Users/kenshin/Desktop/web/codeshark_shoes/wp-blog-header.php(19): require_once('/Users/kenshin/...')
#2 /Users/kenshin/Desktop/web/codeshark_shoes/index.php(17): require('/Users/kenshin/...')
#3 {main}
  thrown in /Users/kenshin/Desktop/web/codeshark_shoes/wp-content/themes/wr-nitro/404.php on line 13

2019-06-05T10:00:16+00:00 CRITICAL Uncaught Error: Class 'WR_Nitro' not found in /Users/kenshin/Desktop/web/codeshark_shoes/wp-content/themes/wr-nitro/404.php:13
Stack trace:
#0 /Users/kenshin/Desktop/web/codeshark_shoes/wp-includes/template-loader.php(78): include()
#1 /Users/kenshin/Desktop/web/codeshark_shoes/wp-blog-header.php(19): require_once('/Users/kenshin/...')
#2 /Users/kenshin/Desktop/web/codeshark_shoes/index.php(17): require('/Users/kenshin/...')
#3 {main}
  thrown in /Users/kenshin/Desktop/web/codeshark_shoes/wp-content/themes/wr-nitro/404.php on line 13

2019-06-05T10:00:16+00:00 CRITICAL Uncaught Error: Class 'WR_Nitro' not found in /Users/kenshin/Desktop/web/codeshark_shoes/wp-content/themes/wr-nitro/404.php:13
Stack trace:
#0 /Users/kenshin/Desktop/web/codeshark_shoes/wp-includes/template-loader.php(78): include()
#1 /Users/kenshin/Desktop/web/codeshark_shoes/wp-blog-header.php(19): require_once('/Users/kenshin/...')
#2 /Users/kenshin/Desktop/web/codeshark_shoes/index.php(17): require('/Users/kenshin/...')
#3 {main}
  thrown in /Users/kenshin/Desktop/web/codeshark_shoes/wp-content/themes/wr-nitro/404.php on line 13

2019-06-05T10:00:16+00:00 CRITICAL Uncaught Error: Class 'WR_Nitro' not found in /Users/kenshin/Desktop/web/codeshark_shoes/wp-content/themes/wr-nitro/404.php:13
Stack trace:
#0 /Users/kenshin/Desktop/web/codeshark_shoes/wp-includes/template-loader.php(78): include()
#1 /Users/kenshin/Desktop/web/codeshark_shoes/wp-blog-header.php(19): require_once('/Users/kenshin/...')
#2 /Users/kenshin/Desktop/web/codeshark_shoes/index.php(17): require('/Users/kenshin/...')
#3 {main}
  thrown in /Users/kenshin/Desktop/web/codeshark_shoes/wp-content/themes/wr-nitro/404.php on line 13

2019-06-05T10:00:17+00:00 CRITICAL Uncaught Error: Class 'WR_Nitro' not found in /Users/kenshin/Desktop/web/codeshark_shoes/wp-content/themes/wr-nitro/404.php:13
Stack trace:
#0 /Users/kenshin/Desktop/web/codeshark_shoes/wp-includes/template-loader.php(78): include()
#1 /Users/kenshin/Desktop/web/codeshark_shoes/wp-blog-header.php(19): require_once('/Users/kenshin/...')
#2 /Users/kenshin/Desktop/web/codeshark_shoes/index.php(17): require('/Users/kenshin/...')
#3 {main}
  thrown in /Users/kenshin/Desktop/web/codeshark_shoes/wp-content/themes/wr-nitro/404.php on line 13

2019-06-05T10:00:17+00:00 CRITICAL Uncaught Error: Class 'WR_Nitro' not found in /Users/kenshin/Desktop/web/codeshark_shoes/wp-content/themes/wr-nitro/404.php:13
Stack trace:
#0 /Users/kenshin/Desktop/web/codeshark_shoes/wp-includes/template-loader.php(78): include()
#1 /Users/kenshin/Desktop/web/codeshark_shoes/wp-blog-header.php(19): require_once('/Users/kenshin/...')
#2 /Users/kenshin/Desktop/web/codeshark_shoes/index.php(17): require('/Users/kenshin/...')
#3 {main}
  thrown in /Users/kenshin/Desktop/web/codeshark_shoes/wp-content/themes/wr-nitro/404.php on line 13

2019-06-05T10:00:17+00:00 CRITICAL Uncaught Error: Class 'WR_Nitro' not found in /Users/kenshin/Desktop/web/codeshark_shoes/wp-content/themes/wr-nitro/404.php:13
Stack trace:
#0 /Users/kenshin/Desktop/web/codeshark_shoes/wp-includes/template-loader.php(78): include()
#1 /Users/kenshin/Desktop/web/codeshark_shoes/wp-blog-header.php(19): require_once('/Users/kenshin/...')
#2 /Users/kenshin/Desktop/web/codeshark_shoes/index.php(17): require('/Users/kenshin/...')
#3 {main}
  thrown in /Users/kenshin/Desktop/web/codeshark_shoes/wp-content/themes/wr-nitro/404.php on line 13

2019-06-05T10:00:17+00:00 CRITICAL Uncaught Error: Class 'WR_Nitro' not found in /Users/kenshin/Desktop/web/codeshark_shoes/wp-content/themes/wr-nitro/404.php:13
Stack trace:
#0 /Users/kenshin/Desktop/web/codeshark_shoes/wp-includes/template-loader.php(78): include()
#1 /Users/kenshin/Desktop/web/codeshark_shoes/wp-blog-header.php(19): require_once('/Users/kenshin/...')
#2 /Users/kenshin/Desktop/web/codeshark_shoes/index.php(17): require('/Users/kenshin/...')
#3 {main}
  thrown in /Users/kenshin/Desktop/web/codeshark_shoes/wp-content/themes/wr-nitro/404.php on line 13

2019-06-05T10:00:18+00:00 CRITICAL Uncaught Error: Class 'WR_Nitro' not found in /Users/kenshin/Desktop/web/codeshark_shoes/wp-content/themes/wr-nitro/404.php:13
Stack trace:
#0 /Users/kenshin/Desktop/web/codeshark_shoes/wp-includes/template-loader.php(78): include()
#1 /Users/kenshin/Desktop/web/codeshark_shoes/wp-blog-header.php(19): require_once('/Users/kenshin/...')
#2 /Users/kenshin/Desktop/web/codeshark_shoes/index.php(17): require('/Users/kenshin/...')
#3 {main}
  thrown in /Users/kenshin/Desktop/web/codeshark_shoes/wp-content/themes/wr-nitro/404.php on line 13

2019-06-05T10:00:18+00:00 CRITICAL Uncaught Error: Class 'WR_Nitro' not found in /Users/kenshin/Desktop/web/codeshark_shoes/wp-content/themes/wr-nitro/404.php:13
Stack trace:
#0 /Users/kenshin/Desktop/web/codeshark_shoes/wp-includes/template-loader.php(78): include()
#1 /Users/kenshin/Desktop/web/codeshark_shoes/wp-blog-header.php(19): require_once('/Users/kenshin/...')
#2 /Users/kenshin/Desktop/web/codeshark_shoes/index.php(17): require('/Users/kenshin/...')
#3 {main}
  thrown in /Users/kenshin/Desktop/web/codeshark_shoes/wp-content/themes/wr-nitro/404.php on line 13

2019-06-05T10:00:18+00:00 CRITICAL Uncaught Error: Class 'WR_Nitro' not found in /Users/kenshin/Desktop/web/codeshark_shoes/wp-content/themes/wr-nitro/404.php:13
Stack trace:
#0 /Users/kenshin/Desktop/web/codeshark_shoes/wp-includes/template-loader.php(78): include()
#1 /Users/kenshin/Desktop/web/codeshark_shoes/wp-blog-header.php(19): require_once('/Users/kenshin/...')
#2 /Users/kenshin/Desktop/web/codeshark_shoes/index.php(17): require('/Users/kenshin/...')
#3 {main}
  thrown in /Users/kenshin/Desktop/web/codeshark_shoes/wp-content/themes/wr-nitro/404.php on line 13

2019-06-05T10:00:18+00:00 CRITICAL Uncaught Error: Class 'WR_Nitro' not found in /Users/kenshin/Desktop/web/codeshark_shoes/wp-content/themes/wr-nitro/404.php:13
Stack trace:
#0 /Users/kenshin/Desktop/web/codeshark_shoes/wp-includes/template-loader.php(78): include()
#1 /Users/kenshin/Desktop/web/codeshark_shoes/wp-blog-header.php(19): require_once('/Users/kenshin/...')
#2 /Users/kenshin/Desktop/web/codeshark_shoes/index.php(17): require('/Users/kenshin/...')
#3 {main}
  thrown in /Users/kenshin/Desktop/web/codeshark_shoes/wp-content/themes/wr-nitro/404.php on line 13

2019-06-05T10:00:19+00:00 CRITICAL Uncaught Error: Class 'WR_Nitro' not found in /Users/kenshin/Desktop/web/codeshark_shoes/wp-content/themes/wr-nitro/404.php:13
Stack trace:
#0 /Users/kenshin/Desktop/web/codeshark_shoes/wp-includes/template-loader.php(78): include()
#1 /Users/kenshin/Desktop/web/codeshark_shoes/wp-blog-header.php(19): require_once('/Users/kenshin/...')
#2 /Users/kenshin/Desktop/web/codeshark_shoes/index.php(17): require('/Users/kenshin/...')
#3 {main}
  thrown in /Users/kenshin/Desktop/web/codeshark_shoes/wp-content/themes/wr-nitro/404.php on line 13

2019-06-05T10:00:19+00:00 CRITICAL Uncaught Error: Class 'WR_Nitro' not found in /Users/kenshin/Desktop/web/codeshark_shoes/wp-content/themes/wr-nitro/404.php:13
Stack trace:
#0 /Users/kenshin/Desktop/web/codeshark_shoes/wp-includes/template-loader.php(78): include()
#1 /Users/kenshin/Desktop/web/codeshark_shoes/wp-blog-header.php(19): require_once('/Users/kenshin/...')
#2 /Users/kenshin/Desktop/web/codeshark_shoes/index.php(17): require('/Users/kenshin/...')
#3 {main}
  thrown in /Users/kenshin/Desktop/web/codeshark_shoes/wp-content/themes/wr-nitro/404.php on line 13

2019-06-05T10:00:19+00:00 CRITICAL Uncaught Error: Class 'WR_Nitro' not found in /Users/kenshin/Desktop/web/codeshark_shoes/wp-content/themes/wr-nitro/404.php:13
Stack trace:
#0 /Users/kenshin/Desktop/web/codeshark_shoes/wp-includes/template-loader.php(78): include()
#1 /Users/kenshin/Desktop/web/codeshark_shoes/wp-blog-header.php(19): require_once('/Users/kenshin/...')
#2 /Users/kenshin/Desktop/web/codeshark_shoes/index.php(17): require('/Users/kenshin/...')
#3 {main}
  thrown in /Users/kenshin/Desktop/web/codeshark_shoes/wp-content/themes/wr-nitro/404.php on line 13

2019-06-05T10:00:19+00:00 CRITICAL Uncaught Error: Class 'WR_Nitro' not found in /Users/kenshin/Desktop/web/codeshark_shoes/wp-content/themes/wr-nitro/404.php:13
Stack trace:
#0 /Users/kenshin/Desktop/web/codeshark_shoes/wp-includes/template-loader.php(78): include()
#1 /Users/kenshin/Desktop/web/codeshark_shoes/wp-blog-header.php(19): require_once('/Users/kenshin/...')
#2 /Users/kenshin/Desktop/web/codeshark_shoes/index.php(17): require('/Users/kenshin/...')
#3 {main}
  thrown in /Users/kenshin/Desktop/web/codeshark_shoes/wp-content/themes/wr-nitro/404.php on line 13

2019-06-05T10:00:20+00:00 CRITICAL Uncaught Error: Class 'WR_Nitro' not found in /Users/kenshin/Desktop/web/codeshark_shoes/wp-content/themes/wr-nitro/404.php:13
Stack trace:
#0 /Users/kenshin/Desktop/web/codeshark_shoes/wp-includes/template-loader.php(78): include()
#1 /Users/kenshin/Desktop/web/codeshark_shoes/wp-blog-header.php(19): require_once('/Users/kenshin/...')
#2 /Users/kenshin/Desktop/web/codeshark_shoes/index.php(17): require('/Users/kenshin/...')
#3 {main}
  thrown in /Users/kenshin/Desktop/web/codeshark_shoes/wp-content/themes/wr-nitro/404.php on line 13

2019-06-05T10:00:20+00:00 CRITICAL Uncaught Error: Class 'WR_Nitro' not found in /Users/kenshin/Desktop/web/codeshark_shoes/wp-content/themes/wr-nitro/404.php:13
Stack trace:
#0 /Users/kenshin/Desktop/web/codeshark_shoes/wp-includes/template-loader.php(78): include()
#1 /Users/kenshin/Desktop/web/codeshark_shoes/wp-blog-header.php(19): require_once('/Users/kenshin/...')
#2 /Users/kenshin/Desktop/web/codeshark_shoes/index.php(17): require('/Users/kenshin/...')
#3 {main}
  thrown in /Users/kenshin/Desktop/web/codeshark_shoes/wp-content/themes/wr-nitro/404.php on line 13

2019-06-05T10:00:20+00:00 CRITICAL Uncaught Error: Class 'WR_Nitro' not found in /Users/kenshin/Desktop/web/codeshark_shoes/wp-content/themes/wr-nitro/404.php:13
Stack trace:
#0 /Users/kenshin/Desktop/web/codeshark_shoes/wp-includes/template-loader.php(78): include()
#1 /Users/kenshin/Desktop/web/codeshark_shoes/wp-blog-header.php(19): require_once('/Users/kenshin/...')
#2 /Users/kenshin/Desktop/web/codeshark_shoes/index.php(17): require('/Users/kenshin/...')
#3 {main}
  thrown in /Users/kenshin/Desktop/web/codeshark_shoes/wp-content/themes/wr-nitro/404.php on line 13

2019-06-05T10:00:21+00:00 CRITICAL Uncaught Error: Class 'WR_Nitro' not found in /Users/kenshin/Desktop/web/codeshark_shoes/wp-content/themes/wr-nitro/404.php:13
Stack trace:
#0 /Users/kenshin/Desktop/web/codeshark_shoes/wp-includes/template-loader.php(78): include()
#1 /Users/kenshin/Desktop/web/codeshark_shoes/wp-blog-header.php(19): require_once('/Users/kenshin/...')
#2 /Users/kenshin/Desktop/web/codeshark_shoes/index.php(17): require('/Users/kenshin/...')
#3 {main}
  thrown in /Users/kenshin/Desktop/web/codeshark_shoes/wp-content/themes/wr-nitro/404.php on line 13

2019-06-05T10:00:21+00:00 CRITICAL Uncaught Error: Class 'WR_Nitro' not found in /Users/kenshin/Desktop/web/codeshark_shoes/wp-content/themes/wr-nitro/404.php:13
Stack trace:
#0 /Users/kenshin/Desktop/web/codeshark_shoes/wp-includes/template-loader.php(78): include()
#1 /Users/kenshin/Desktop/web/codeshark_shoes/wp-blog-header.php(19): require_once('/Users/kenshin/...')
#2 /Users/kenshin/Desktop/web/codeshark_shoes/index.php(17): require('/Users/kenshin/...')
#3 {main}
  thrown in /Users/kenshin/Desktop/web/codeshark_shoes/wp-content/themes/wr-nitro/404.php on line 13

2019-06-05T10:00:38+00:00 CRITICAL Uncaught Error: Class 'WR_Nitro' not found in /Users/kenshin/Desktop/web/codeshark_shoes/wp-content/themes/wr-nitro/404.php:13
Stack trace:
#0 /Users/kenshin/Desktop/web/codeshark_shoes/wp-includes/template-loader.php(78): include()
#1 /Users/kenshin/Desktop/web/codeshark_shoes/wp-blog-header.php(19): require_once('/Users/kenshin/...')
#2 /Users/kenshin/Desktop/web/codeshark_shoes/index.php(17): require('/Users/kenshin/...')
#3 {main}
  thrown in /Users/kenshin/Desktop/web/codeshark_shoes/wp-content/themes/wr-nitro/404.php on line 13

2019-06-05T10:00:38+00:00 CRITICAL Uncaught Error: Class 'WR_Nitro' not found in /Users/kenshin/Desktop/web/codeshark_shoes/wp-content/themes/wr-nitro/404.php:13
Stack trace:
#0 /Users/kenshin/Desktop/web/codeshark_shoes/wp-includes/template-loader.php(78): include()
#1 /Users/kenshin/Desktop/web/codeshark_shoes/wp-blog-header.php(19): require_once('/Users/kenshin/...')
#2 /Users/kenshin/Desktop/web/codeshark_shoes/index.php(17): require('/Users/kenshin/...')
#3 {main}
  thrown in /Users/kenshin/Desktop/web/codeshark_shoes/wp-content/themes/wr-nitro/404.php on line 13

2019-06-05T10:00:38+00:00 CRITICAL Uncaught Error: Class 'WR_Nitro' not found in /Users/kenshin/Desktop/web/codeshark_shoes/wp-content/themes/wr-nitro/404.php:13
Stack trace:
#0 /Users/kenshin/Desktop/web/codeshark_shoes/wp-includes/template-loader.php(78): include()
#1 /Users/kenshin/Desktop/web/codeshark_shoes/wp-blog-header.php(19): require_once('/Users/kenshin/...')
#2 /Users/kenshin/Desktop/web/codeshark_shoes/index.php(17): require('/Users/kenshin/...')
#3 {main}
  thrown in /Users/kenshin/Desktop/web/codeshark_shoes/wp-content/themes/wr-nitro/404.php on line 13

2019-06-05T10:00:38+00:00 CRITICAL Uncaught Error: Class 'WR_Nitro' not found in /Users/kenshin/Desktop/web/codeshark_shoes/wp-content/themes/wr-nitro/404.php:13
Stack trace:
#0 /Users/kenshin/Desktop/web/codeshark_shoes/wp-includes/template-loader.php(78): include()
#1 /Users/kenshin/Desktop/web/codeshark_shoes/wp-blog-header.php(19): require_once('/Users/kenshin/...')
#2 /Users/kenshin/Desktop/web/codeshark_shoes/index.php(17): require('/Users/kenshin/...')
#3 {main}
  thrown in /Users/kenshin/Desktop/web/codeshark_shoes/wp-content/themes/wr-nitro/404.php on line 13

2019-06-05T10:00:39+00:00 CRITICAL Uncaught Error: Class 'WR_Nitro' not found in /Users/kenshin/Desktop/web/codeshark_shoes/wp-content/themes/wr-nitro/404.php:13
Stack trace:
#0 /Users/kenshin/Desktop/web/codeshark_shoes/wp-includes/template-loader.php(78): include()
#1 /Users/kenshin/Desktop/web/codeshark_shoes/wp-blog-header.php(19): require_once('/Users/kenshin/...')
#2 /Users/kenshin/Desktop/web/codeshark_shoes/index.php(17): require('/Users/kenshin/...')
#3 {main}
  thrown in /Users/kenshin/Desktop/web/codeshark_shoes/wp-content/themes/wr-nitro/404.php on line 13

2019-06-05T10:00:39+00:00 CRITICAL Uncaught Error: Class 'WR_Nitro' not found in /Users/kenshin/Desktop/web/codeshark_shoes/wp-content/themes/wr-nitro/404.php:13
Stack trace:
#0 /Users/kenshin/Desktop/web/codeshark_shoes/wp-includes/template-loader.php(78): include()
#1 /Users/kenshin/Desktop/web/codeshark_shoes/wp-blog-header.php(19): require_once('/Users/kenshin/...')
#2 /Users/kenshin/Desktop/web/codeshark_shoes/index.php(17): require('/Users/kenshin/...')
#3 {main}
  thrown in /Users/kenshin/Desktop/web/codeshark_shoes/wp-content/themes/wr-nitro/404.php on line 13

2019-06-05T10:00:40+00:00 CRITICAL Uncaught Error: Class 'WR_Nitro' not found in /Users/kenshin/Desktop/web/codeshark_shoes/wp-content/themes/wr-nitro/404.php:13
Stack trace:
#0 /Users/kenshin/Desktop/web/codeshark_shoes/wp-includes/template-loader.php(78): include()
#1 /Users/kenshin/Desktop/web/codeshark_shoes/wp-blog-header.php(19): require_once('/Users/kenshin/...')
#2 /Users/kenshin/Desktop/web/codeshark_shoes/index.php(17): require('/Users/kenshin/...')
#3 {main}
  thrown in /Users/kenshin/Desktop/web/codeshark_shoes/wp-content/themes/wr-nitro/404.php on line 13

2019-06-05T10:00:40+00:00 CRITICAL Uncaught Error: Class 'WR_Nitro' not found in /Users/kenshin/Desktop/web/codeshark_shoes/wp-content/themes/wr-nitro/404.php:13
Stack trace:
#0 /Users/kenshin/Desktop/web/codeshark_shoes/wp-includes/template-loader.php(78): include()
#1 /Users/kenshin/Desktop/web/codeshark_shoes/wp-blog-header.php(19): require_once('/Users/kenshin/...')
#2 /Users/kenshin/Desktop/web/codeshark_shoes/index.php(17): require('/Users/kenshin/...')
#3 {main}
  thrown in /Users/kenshin/Desktop/web/codeshark_shoes/wp-content/themes/wr-nitro/404.php on line 13

2019-06-05T10:00:41+00:00 CRITICAL Uncaught Error: Class 'WR_Nitro' not found in /Users/kenshin/Desktop/web/codeshark_shoes/wp-content/themes/wr-nitro/404.php:13
Stack trace:
#0 /Users/kenshin/Desktop/web/codeshark_shoes/wp-includes/template-loader.php(78): include()
#1 /Users/kenshin/Desktop/web/codeshark_shoes/wp-blog-header.php(19): require_once('/Users/kenshin/...')
#2 /Users/kenshin/Desktop/web/codeshark_shoes/index.php(17): require('/Users/kenshin/...')
#3 {main}
  thrown in /Users/kenshin/Desktop/web/codeshark_shoes/wp-content/themes/wr-nitro/404.php on line 13

2019-06-05T10:00:41+00:00 CRITICAL Uncaught Error: Class 'WR_Nitro' not found in /Users/kenshin/Desktop/web/codeshark_shoes/wp-content/themes/wr-nitro/404.php:13
Stack trace:
#0 /Users/kenshin/Desktop/web/codeshark_shoes/wp-includes/template-loader.php(78): include()
#1 /Users/kenshin/Desktop/web/codeshark_shoes/wp-blog-header.php(19): require_once('/Users/kenshin/...')
#2 /Users/kenshin/Desktop/web/codeshark_shoes/index.php(17): require('/Users/kenshin/...')
#3 {main}
  thrown in /Users/kenshin/Desktop/web/codeshark_shoes/wp-content/themes/wr-nitro/404.php on line 13

2019-06-05T10:00:41+00:00 CRITICAL Uncaught Error: Class 'WR_Nitro' not found in /Users/kenshin/Desktop/web/codeshark_shoes/wp-content/themes/wr-nitro/404.php:13
Stack trace:
#0 /Users/kenshin/Desktop/web/codeshark_shoes/wp-includes/template-loader.php(78): include()
#1 /Users/kenshin/Desktop/web/codeshark_shoes/wp-blog-header.php(19): require_once('/Users/kenshin/...')
#2 /Users/kenshin/Desktop/web/codeshark_shoes/index.php(17): require('/Users/kenshin/...')
#3 {main}
  thrown in /Users/kenshin/Desktop/web/codeshark_shoes/wp-content/themes/wr-nitro/404.php on line 13

2019-06-05T10:00:42+00:00 CRITICAL Uncaught Error: Class 'WR_Nitro' not found in /Users/kenshin/Desktop/web/codeshark_shoes/wp-content/themes/wr-nitro/404.php:13
Stack trace:
#0 /Users/kenshin/Desktop/web/codeshark_shoes/wp-includes/template-loader.php(78): include()
#1 /Users/kenshin/Desktop/web/codeshark_shoes/wp-blog-header.php(19): require_once('/Users/kenshin/...')
#2 /Users/kenshin/Desktop/web/codeshark_shoes/index.php(17): require('/Users/kenshin/...')
#3 {main}
  thrown in /Users/kenshin/Desktop/web/codeshark_shoes/wp-content/themes/wr-nitro/404.php on line 13

2019-06-05T10:00:42+00:00 CRITICAL Uncaught Error: Class 'WR_Nitro' not found in /Users/kenshin/Desktop/web/codeshark_shoes/wp-content/themes/wr-nitro/404.php:13
Stack trace:
#0 /Users/kenshin/Desktop/web/codeshark_shoes/wp-includes/template-loader.php(78): include()
#1 /Users/kenshin/Desktop/web/codeshark_shoes/wp-blog-header.php(19): require_once('/Users/kenshin/...')
#2 /Users/kenshin/Desktop/web/codeshark_shoes/index.php(17): require('/Users/kenshin/...')
#3 {main}
  thrown in /Users/kenshin/Desktop/web/codeshark_shoes/wp-content/themes/wr-nitro/404.php on line 13

2019-06-05T10:00:42+00:00 CRITICAL Uncaught Error: Class 'WR_Nitro' not found in /Users/kenshin/Desktop/web/codeshark_shoes/wp-content/themes/wr-nitro/404.php:13
Stack trace:
#0 /Users/kenshin/Desktop/web/codeshark_shoes/wp-includes/template-loader.php(78): include()
#1 /Users/kenshin/Desktop/web/codeshark_shoes/wp-blog-header.php(19): require_once('/Users/kenshin/...')
#2 /Users/kenshin/Desktop/web/codeshark_shoes/index.php(17): require('/Users/kenshin/...')
#3 {main}
  thrown in /Users/kenshin/Desktop/web/codeshark_shoes/wp-content/themes/wr-nitro/404.php on line 13

2019-06-05T10:00:42+00:00 CRITICAL Uncaught Error: Class 'WR_Nitro' not found in /Users/kenshin/Desktop/web/codeshark_shoes/wp-content/themes/wr-nitro/404.php:13
Stack trace:
#0 /Users/kenshin/Desktop/web/codeshark_shoes/wp-includes/template-loader.php(78): include()
#1 /Users/kenshin/Desktop/web/codeshark_shoes/wp-blog-header.php(19): require_once('/Users/kenshin/...')
#2 /Users/kenshin/Desktop/web/codeshark_shoes/index.php(17): require('/Users/kenshin/...')
#3 {main}
  thrown in /Users/kenshin/Desktop/web/codeshark_shoes/wp-content/themes/wr-nitro/404.php on line 13

2019-06-05T10:00:43+00:00 CRITICAL Uncaught Error: Class 'WR_Nitro' not found in /Users/kenshin/Desktop/web/codeshark_shoes/wp-content/themes/wr-nitro/404.php:13
Stack trace:
#0 /Users/kenshin/Desktop/web/codeshark_shoes/wp-includes/template-loader.php(78): include()
#1 /Users/kenshin/Desktop/web/codeshark_shoes/wp-blog-header.php(19): require_once('/Users/kenshin/...')
#2 /Users/kenshin/Desktop/web/codeshark_shoes/index.php(17): require('/Users/kenshin/...')
#3 {main}
  thrown in /Users/kenshin/Desktop/web/codeshark_shoes/wp-content/themes/wr-nitro/404.php on line 13

2019-06-05T10:00:43+00:00 CRITICAL Uncaught Error: Class 'WR_Nitro' not found in /Users/kenshin/Desktop/web/codeshark_shoes/wp-content/themes/wr-nitro/404.php:13
Stack trace:
#0 /Users/kenshin/Desktop/web/codeshark_shoes/wp-includes/template-loader.php(78): include()
#1 /Users/kenshin/Desktop/web/codeshark_shoes/wp-blog-header.php(19): require_once('/Users/kenshin/...')
#2 /Users/kenshin/Desktop/web/codeshark_shoes/index.php(17): require('/Users/kenshin/...')
#3 {main}
  thrown in /Users/kenshin/Desktop/web/codeshark_shoes/wp-content/themes/wr-nitro/404.php on line 13

2019-06-05T10:00:43+00:00 CRITICAL Uncaught Error: Class 'WR_Nitro' not found in /Users/kenshin/Desktop/web/codeshark_shoes/wp-content/themes/wr-nitro/404.php:13
Stack trace:
#0 /Users/kenshin/Desktop/web/codeshark_shoes/wp-includes/template-loader.php(78): include()
#1 /Users/kenshin/Desktop/web/codeshark_shoes/wp-blog-header.php(19): require_once('/Users/kenshin/...')
#2 /Users/kenshin/Desktop/web/codeshark_shoes/index.php(17): require('/Users/kenshin/...')
#3 {main}
  thrown in /Users/kenshin/Desktop/web/codeshark_shoes/wp-content/themes/wr-nitro/404.php on line 13

2019-06-05T10:00:43+00:00 CRITICAL Uncaught Error: Class 'WR_Nitro' not found in /Users/kenshin/Desktop/web/codeshark_shoes/wp-content/themes/wr-nitro/404.php:13
Stack trace:
#0 /Users/kenshin/Desktop/web/codeshark_shoes/wp-includes/template-loader.php(78): include()
#1 /Users/kenshin/Desktop/web/codeshark_shoes/wp-blog-header.php(19): require_once('/Users/kenshin/...')
#2 /Users/kenshin/Desktop/web/codeshark_shoes/index.php(17): require('/Users/kenshin/...')
#3 {main}
  thrown in /Users/kenshin/Desktop/web/codeshark_shoes/wp-content/themes/wr-nitro/404.php on line 13

2019-06-05T10:00:44+00:00 CRITICAL Uncaught Error: Class 'WR_Nitro' not found in /Users/kenshin/Desktop/web/codeshark_shoes/wp-content/themes/wr-nitro/404.php:13
Stack trace:
#0 /Users/kenshin/Desktop/web/codeshark_shoes/wp-includes/template-loader.php(78): include()
#1 /Users/kenshin/Desktop/web/codeshark_shoes/wp-blog-header.php(19): require_once('/Users/kenshin/...')
#2 /Users/kenshin/Desktop/web/codeshark_shoes/index.php(17): require('/Users/kenshin/...')
#3 {main}
  thrown in /Users/kenshin/Desktop/web/codeshark_shoes/wp-content/themes/wr-nitro/404.php on line 13

2019-06-05T10:00:44+00:00 CRITICAL Uncaught Error: Class 'WR_Nitro' not found in /Users/kenshin/Desktop/web/codeshark_shoes/wp-content/themes/wr-nitro/404.php:13
Stack trace:
#0 /Users/kenshin/Desktop/web/codeshark_shoes/wp-includes/template-loader.php(78): include()
#1 /Users/kenshin/Desktop/web/codeshark_shoes/wp-blog-header.php(19): require_once('/Users/kenshin/...')
#2 /Users/kenshin/Desktop/web/codeshark_shoes/index.php(17): require('/Users/kenshin/...')
#3 {main}
  thrown in /Users/kenshin/Desktop/web/codeshark_shoes/wp-content/themes/wr-nitro/404.php on line 13

2019-06-05T10:00:44+00:00 CRITICAL Uncaught Error: Class 'WR_Nitro' not found in /Users/kenshin/Desktop/web/codeshark_shoes/wp-content/themes/wr-nitro/404.php:13
Stack trace:
#0 /Users/kenshin/Desktop/web/codeshark_shoes/wp-includes/template-loader.php(78): include()
#1 /Users/kenshin/Desktop/web/codeshark_shoes/wp-blog-header.php(19): require_once('/Users/kenshin/...')
#2 /Users/kenshin/Desktop/web/codeshark_shoes/index.php(17): require('/Users/kenshin/...')
#3 {main}
  thrown in /Users/kenshin/Desktop/web/codeshark_shoes/wp-content/themes/wr-nitro/404.php on line 13

2019-06-05T10:00:44+00:00 CRITICAL Uncaught Error: Class 'WR_Nitro' not found in /Users/kenshin/Desktop/web/codeshark_shoes/wp-content/themes/wr-nitro/404.php:13
Stack trace:
#0 /Users/kenshin/Desktop/web/codeshark_shoes/wp-includes/template-loader.php(78): include()
#1 /Users/kenshin/Desktop/web/codeshark_shoes/wp-blog-header.php(19): require_once('/Users/kenshin/...')
#2 /Users/kenshin/Desktop/web/codeshark_shoes/index.php(17): require('/Users/kenshin/...')
#3 {main}
  thrown in /Users/kenshin/Desktop/web/codeshark_shoes/wp-content/themes/wr-nitro/404.php on line 13

2019-06-05T10:00:45+00:00 CRITICAL Uncaught Error: Class 'WR_Nitro' not found in /Users/kenshin/Desktop/web/codeshark_shoes/wp-content/themes/wr-nitro/404.php:13
Stack trace:
#0 /Users/kenshin/Desktop/web/codeshark_shoes/wp-includes/template-loader.php(78): include()
#1 /Users/kenshin/Desktop/web/codeshark_shoes/wp-blog-header.php(19): require_once('/Users/kenshin/...')
#2 /Users/kenshin/Desktop/web/codeshark_shoes/index.php(17): require('/Users/kenshin/...')
#3 {main}
  thrown in /Users/kenshin/Desktop/web/codeshark_shoes/wp-content/themes/wr-nitro/404.php on line 13

2019-06-05T10:00:45+00:00 CRITICAL Uncaught Error: Class 'WR_Nitro' not found in /Users/kenshin/Desktop/web/codeshark_shoes/wp-content/themes/wr-nitro/404.php:13
Stack trace:
#0 /Users/kenshin/Desktop/web/codeshark_shoes/wp-includes/template-loader.php(78): include()
#1 /Users/kenshin/Desktop/web/codeshark_shoes/wp-blog-header.php(19): require_once('/Users/kenshin/...')
#2 /Users/kenshin/Desktop/web/codeshark_shoes/index.php(17): require('/Users/kenshin/...')
#3 {main}
  thrown in /Users/kenshin/Desktop/web/codeshark_shoes/wp-content/themes/wr-nitro/404.php on line 13

2019-06-05T10:00:46+00:00 CRITICAL Uncaught Error: Class 'WR_Nitro' not found in /Users/kenshin/Desktop/web/codeshark_shoes/wp-content/themes/wr-nitro/404.php:13
Stack trace:
#0 /Users/kenshin/Desktop/web/codeshark_shoes/wp-includes/template-loader.php(78): include()
#1 /Users/kenshin/Desktop/web/codeshark_shoes/wp-blog-header.php(19): require_once('/Users/kenshin/...')
#2 /Users/kenshin/Desktop/web/codeshark_shoes/index.php(17): require('/Users/kenshin/...')
#3 {main}
  thrown in /Users/kenshin/Desktop/web/codeshark_shoes/wp-content/themes/wr-nitro/404.php on line 13

2019-06-05T10:00:46+00:00 CRITICAL Uncaught Error: Class 'WR_Nitro' not found in /Users/kenshin/Desktop/web/codeshark_shoes/wp-content/themes/wr-nitro/404.php:13
Stack trace:
#0 /Users/kenshin/Desktop/web/codeshark_shoes/wp-includes/template-loader.php(78): include()
#1 /Users/kenshin/Desktop/web/codeshark_shoes/wp-blog-header.php(19): require_once('/Users/kenshin/...')
#2 /Users/kenshin/Desktop/web/codeshark_shoes/index.php(17): require('/Users/kenshin/...')
#3 {main}
  thrown in /Users/kenshin/Desktop/web/codeshark_shoes/wp-content/themes/wr-nitro/404.php on line 13

2019-06-05T10:00:46+00:00 CRITICAL Uncaught Error: Class 'WR_Nitro' not found in /Users/kenshin/Desktop/web/codeshark_shoes/wp-content/themes/wr-nitro/404.php:13
Stack trace:
#0 /Users/kenshin/Desktop/web/codeshark_shoes/wp-includes/template-loader.php(78): include()
#1 /Users/kenshin/Desktop/web/codeshark_shoes/wp-blog-header.php(19): require_once('/Users/kenshin/...')
#2 /Users/kenshin/Desktop/web/codeshark_shoes/index.php(17): require('/Users/kenshin/...')
#3 {main}
  thrown in /Users/kenshin/Desktop/web/codeshark_shoes/wp-content/themes/wr-nitro/404.php on line 13

2019-06-05T10:00:47+00:00 CRITICAL Uncaught Error: Class 'WR_Nitro' not found in /Users/kenshin/Desktop/web/codeshark_shoes/wp-content/themes/wr-nitro/404.php:13
Stack trace:
#0 /Users/kenshin/Desktop/web/codeshark_shoes/wp-includes/template-loader.php(78): include()
#1 /Users/kenshin/Desktop/web/codeshark_shoes/wp-blog-header.php(19): require_once('/Users/kenshin/...')
#2 /Users/kenshin/Desktop/web/codeshark_shoes/index.php(17): require('/Users/kenshin/...')
#3 {main}
  thrown in /Users/kenshin/Desktop/web/codeshark_shoes/wp-content/themes/wr-nitro/404.php on line 13

2019-06-05T10:00:47+00:00 CRITICAL Uncaught Error: Class 'WR_Nitro' not found in /Users/kenshin/Desktop/web/codeshark_shoes/wp-content/themes/wr-nitro/404.php:13
Stack trace:
#0 /Users/kenshin/Desktop/web/codeshark_shoes/wp-includes/template-loader.php(78): include()
#1 /Users/kenshin/Desktop/web/codeshark_shoes/wp-blog-header.php(19): require_once('/Users/kenshin/...')
#2 /Users/kenshin/Desktop/web/codeshark_shoes/index.php(17): require('/Users/kenshin/...')
#3 {main}
  thrown in /Users/kenshin/Desktop/web/codeshark_shoes/wp-content/themes/wr-nitro/404.php on line 13

2019-06-05T10:00:49+00:00 CRITICAL Uncaught Error: Class 'WR_Nitro' not found in /Users/kenshin/Desktop/web/codeshark_shoes/wp-content/themes/wr-nitro/404.php:13
Stack trace:
#0 /Users/kenshin/Desktop/web/codeshark_shoes/wp-includes/template-loader.php(78): include()
#1 /Users/kenshin/Desktop/web/codeshark_shoes/wp-blog-header.php(19): require_once('/Users/kenshin/...')
#2 /Users/kenshin/Desktop/web/codeshark_shoes/index.php(17): require('/Users/kenshin/...')
#3 {main}
  thrown in /Users/kenshin/Desktop/web/codeshark_shoes/wp-content/themes/wr-nitro/404.php on line 13

2019-06-05T10:00:49+00:00 CRITICAL Uncaught Error: Class 'WR_Nitro' not found in /Users/kenshin/Desktop/web/codeshark_shoes/wp-content/themes/wr-nitro/404.php:13
Stack trace:
#0 /Users/kenshin/Desktop/web/codeshark_shoes/wp-includes/template-loader.php(78): include()
#1 /Users/kenshin/Desktop/web/codeshark_shoes/wp-blog-header.php(19): require_once('/Users/kenshin/...')
#2 /Users/kenshin/Desktop/web/codeshark_shoes/index.php(17): require('/Users/kenshin/...')
#3 {main}
  thrown in /Users/kenshin/Desktop/web/codeshark_shoes/wp-content/themes/wr-nitro/404.php on line 13

2019-06-05T10:00:49+00:00 CRITICAL Uncaught Error: Class 'WR_Nitro' not found in /Users/kenshin/Desktop/web/codeshark_shoes/wp-content/themes/wr-nitro/404.php:13
Stack trace:
#0 /Users/kenshin/Desktop/web/codeshark_shoes/wp-includes/template-loader.php(78): include()
#1 /Users/kenshin/Desktop/web/codeshark_shoes/wp-blog-header.php(19): require_once('/Users/kenshin/...')
#2 /Users/kenshin/Desktop/web/codeshark_shoes/index.php(17): require('/Users/kenshin/...')
#3 {main}
  thrown in /Users/kenshin/Desktop/web/codeshark_shoes/wp-content/themes/wr-nitro/404.php on line 13

2019-06-05T10:00:50+00:00 CRITICAL Uncaught Error: Class 'WR_Nitro' not found in /Users/kenshin/Desktop/web/codeshark_shoes/wp-content/themes/wr-nitro/404.php:13
Stack trace:
#0 /Users/kenshin/Desktop/web/codeshark_shoes/wp-includes/template-loader.php(78): include()
#1 /Users/kenshin/Desktop/web/codeshark_shoes/wp-blog-header.php(19): require_once('/Users/kenshin/...')
#2 /Users/kenshin/Desktop/web/codeshark_shoes/index.php(17): require('/Users/kenshin/...')
#3 {main}
  thrown in /Users/kenshin/Desktop/web/codeshark_shoes/wp-content/themes/wr-nitro/404.php on line 13

2019-06-05T10:00:50+00:00 CRITICAL Uncaught Error: Class 'WR_Nitro' not found in /Users/kenshin/Desktop/web/codeshark_shoes/wp-content/themes/wr-nitro/404.php:13
Stack trace:
#0 /Users/kenshin/Desktop/web/codeshark_shoes/wp-includes/template-loader.php(78): include()
#1 /Users/kenshin/Desktop/web/codeshark_shoes/wp-blog-header.php(19): require_once('/Users/kenshin/...')
#2 /Users/kenshin/Desktop/web/codeshark_shoes/index.php(17): require('/Users/kenshin/...')
#3 {main}
  thrown in /Users/kenshin/Desktop/web/codeshark_shoes/wp-content/themes/wr-nitro/404.php on line 13

2019-06-05T10:00:50+00:00 CRITICAL Uncaught Error: Class 'WR_Nitro' not found in /Users/kenshin/Desktop/web/codeshark_shoes/wp-content/themes/wr-nitro/404.php:13
Stack trace:
#0 /Users/kenshin/Desktop/web/codeshark_shoes/wp-includes/template-loader.php(78): include()
#1 /Users/kenshin/Desktop/web/codeshark_shoes/wp-blog-header.php(19): require_once('/Users/kenshin/...')
#2 /Users/kenshin/Desktop/web/codeshark_shoes/index.php(17): require('/Users/kenshin/...')
#3 {main}
  thrown in /Users/kenshin/Desktop/web/codeshark_shoes/wp-content/themes/wr-nitro/404.php on line 13

2019-06-05T10:00:50+00:00 CRITICAL Uncaught Error: Class 'WR_Nitro' not found in /Users/kenshin/Desktop/web/codeshark_shoes/wp-content/themes/wr-nitro/404.php:13
Stack trace:
#0 /Users/kenshin/Desktop/web/codeshark_shoes/wp-includes/template-loader.php(78): include()
#1 /Users/kenshin/Desktop/web/codeshark_shoes/wp-blog-header.php(19): require_once('/Users/kenshin/...')
#2 /Users/kenshin/Desktop/web/codeshark_shoes/index.php(17): require('/Users/kenshin/...')
#3 {main}
  thrown in /Users/kenshin/Desktop/web/codeshark_shoes/wp-content/themes/wr-nitro/404.php on line 13

2019-06-05T10:00:51+00:00 CRITICAL Uncaught Error: Class 'WR_Nitro' not found in /Users/kenshin/Desktop/web/codeshark_shoes/wp-content/themes/wr-nitro/404.php:13
Stack trace:
#0 /Users/kenshin/Desktop/web/codeshark_shoes/wp-includes/template-loader.php(78): include()
#1 /Users/kenshin/Desktop/web/codeshark_shoes/wp-blog-header.php(19): require_once('/Users/kenshin/...')
#2 /Users/kenshin/Desktop/web/codeshark_shoes/index.php(17): require('/Users/kenshin/...')
#3 {main}
  thrown in /Users/kenshin/Desktop/web/codeshark_shoes/wp-content/themes/wr-nitro/404.php on line 13

2019-06-05T10:00:51+00:00 CRITICAL Uncaught Error: Class 'WR_Nitro' not found in /Users/kenshin/Desktop/web/codeshark_shoes/wp-content/themes/wr-nitro/404.php:13
Stack trace:
#0 /Users/kenshin/Desktop/web/codeshark_shoes/wp-includes/template-loader.php(78): include()
#1 /Users/kenshin/Desktop/web/codeshark_shoes/wp-blog-header.php(19): require_once('/Users/kenshin/...')
#2 /Users/kenshin/Desktop/web/codeshark_shoes/index.php(17): require('/Users/kenshin/...')
#3 {main}
  thrown in /Users/kenshin/Desktop/web/codeshark_shoes/wp-content/themes/wr-nitro/404.php on line 13

2019-06-05T10:00:52+00:00 CRITICAL Uncaught Error: Class 'WR_Nitro' not found in /Users/kenshin/Desktop/web/codeshark_shoes/wp-content/themes/wr-nitro/404.php:13
Stack trace:
#0 /Users/kenshin/Desktop/web/codeshark_shoes/wp-includes/template-loader.php(78): include()
#1 /Users/kenshin/Desktop/web/codeshark_shoes/wp-blog-header.php(19): require_once('/Users/kenshin/...')
#2 /Users/kenshin/Desktop/web/codeshark_shoes/index.php(17): require('/Users/kenshin/...')
#3 {main}
  thrown in /Users/kenshin/Desktop/web/codeshark_shoes/wp-content/themes/wr-nitro/404.php on line 13

2019-06-05T10:00:52+00:00 CRITICAL Uncaught Error: Class 'WR_Nitro' not found in /Users/kenshin/Desktop/web/codeshark_shoes/wp-content/themes/wr-nitro/404.php:13
Stack trace:
#0 /Users/kenshin/Desktop/web/codeshark_shoes/wp-includes/template-loader.php(78): include()
#1 /Users/kenshin/Desktop/web/codeshark_shoes/wp-blog-header.php(19): require_once('/Users/kenshin/...')
#2 /Users/kenshin/Desktop/web/codeshark_shoes/index.php(17): require('/Users/kenshin/...')
#3 {main}
  thrown in /Users/kenshin/Desktop/web/codeshark_shoes/wp-content/themes/wr-nitro/404.php on line 13

2019-06-05T10:00:53+00:00 CRITICAL Uncaught Error: Class 'WR_Nitro' not found in /Users/kenshin/Desktop/web/codeshark_shoes/wp-content/themes/wr-nitro/404.php:13
Stack trace:
#0 /Users/kenshin/Desktop/web/codeshark_shoes/wp-includes/template-loader.php(78): include()
#1 /Users/kenshin/Desktop/web/codeshark_shoes/wp-blog-header.php(19): require_once('/Users/kenshin/...')
#2 /Users/kenshin/Desktop/web/codeshark_shoes/index.php(17): require('/Users/kenshin/...')
#3 {main}
  thrown in /Users/kenshin/Desktop/web/codeshark_shoes/wp-content/themes/wr-nitro/404.php on line 13

2019-06-05T10:00:53+00:00 CRITICAL Uncaught Error: Class 'WR_Nitro' not found in /Users/kenshin/Desktop/web/codeshark_shoes/wp-content/themes/wr-nitro/404.php:13
Stack trace:
#0 /Users/kenshin/Desktop/web/codeshark_shoes/wp-includes/template-loader.php(78): include()
#1 /Users/kenshin/Desktop/web/codeshark_shoes/wp-blog-header.php(19): require_once('/Users/kenshin/...')
#2 /Users/kenshin/Desktop/web/codeshark_shoes/index.php(17): require('/Users/kenshin/...')
#3 {main}
  thrown in /Users/kenshin/Desktop/web/codeshark_shoes/wp-content/themes/wr-nitro/404.php on line 13

2019-06-05T10:00:53+00:00 CRITICAL Uncaught Error: Class 'WR_Nitro' not found in /Users/kenshin/Desktop/web/codeshark_shoes/wp-content/themes/wr-nitro/404.php:13
Stack trace:
#0 /Users/kenshin/Desktop/web/codeshark_shoes/wp-includes/template-loader.php(78): include()
#1 /Users/kenshin/Desktop/web/codeshark_shoes/wp-blog-header.php(19): require_once('/Users/kenshin/...')
#2 /Users/kenshin/Desktop/web/codeshark_shoes/index.php(17): require('/Users/kenshin/...')
#3 {main}
  thrown in /Users/kenshin/Desktop/web/codeshark_shoes/wp-content/themes/wr-nitro/404.php on line 13

2019-06-05T10:00:53+00:00 CRITICAL Uncaught Error: Class 'WR_Nitro' not found in /Users/kenshin/Desktop/web/codeshark_shoes/wp-content/themes/wr-nitro/404.php:13
Stack trace:
#0 /Users/kenshin/Desktop/web/codeshark_shoes/wp-includes/template-loader.php(78): include()
#1 /Users/kenshin/Desktop/web/codeshark_shoes/wp-blog-header.php(19): require_once('/Users/kenshin/...')
#2 /Users/kenshin/Desktop/web/codeshark_shoes/index.php(17): require('/Users/kenshin/...')
#3 {main}
  thrown in /Users/kenshin/Desktop/web/codeshark_shoes/wp-content/themes/wr-nitro/404.php on line 13

2019-06-05T10:00:54+00:00 CRITICAL Uncaught Error: Class 'WR_Nitro' not found in /Users/kenshin/Desktop/web/codeshark_shoes/wp-content/themes/wr-nitro/404.php:13
Stack trace:
#0 /Users/kenshin/Desktop/web/codeshark_shoes/wp-includes/template-loader.php(78): include()
#1 /Users/kenshin/Desktop/web/codeshark_shoes/wp-blog-header.php(19): require_once('/Users/kenshin/...')
#2 /Users/kenshin/Desktop/web/codeshark_shoes/index.php(17): require('/Users/kenshin/...')
#3 {main}
  thrown in /Users/kenshin/Desktop/web/codeshark_shoes/wp-content/themes/wr-nitro/404.php on line 13

2019-06-05T10:00:54+00:00 CRITICAL Uncaught Error: Class 'WR_Nitro' not found in /Users/kenshin/Desktop/web/codeshark_shoes/wp-content/themes/wr-nitro/404.php:13
Stack trace:
#0 /Users/kenshin/Desktop/web/codeshark_shoes/wp-includes/template-loader.php(78): include()
#1 /Users/kenshin/Desktop/web/codeshark_shoes/wp-blog-header.php(19): require_once('/Users/kenshin/...')
#2 /Users/kenshin/Desktop/web/codeshark_shoes/index.php(17): require('/Users/kenshin/...')
#3 {main}
  thrown in /Users/kenshin/Desktop/web/codeshark_shoes/wp-content/themes/wr-nitro/404.php on line 13

2019-06-05T10:00:54+00:00 CRITICAL Uncaught Error: Class 'WR_Nitro' not found in /Users/kenshin/Desktop/web/codeshark_shoes/wp-content/themes/wr-nitro/404.php:13
Stack trace:
#0 /Users/kenshin/Desktop/web/codeshark_shoes/wp-includes/template-loader.php(78): include()
#1 /Users/kenshin/Desktop/web/codeshark_shoes/wp-blog-header.php(19): require_once('/Users/kenshin/...')
#2 /Users/kenshin/Desktop/web/codeshark_shoes/index.php(17): require('/Users/kenshin/...')
#3 {main}
  thrown in /Users/kenshin/Desktop/web/codeshark_shoes/wp-content/themes/wr-nitro/404.php on line 13

2019-06-05T10:00:54+00:00 CRITICAL Uncaught Error: Class 'WR_Nitro' not found in /Users/kenshin/Desktop/web/codeshark_shoes/wp-content/themes/wr-nitro/404.php:13
Stack trace:
#0 /Users/kenshin/Desktop/web/codeshark_shoes/wp-includes/template-loader.php(78): include()
#1 /Users/kenshin/Desktop/web/codeshark_shoes/wp-blog-header.php(19): require_once('/Users/kenshin/...')
#2 /Users/kenshin/Desktop/web/codeshark_shoes/index.php(17): require('/Users/kenshin/...')
#3 {main}
  thrown in /Users/kenshin/Desktop/web/codeshark_shoes/wp-content/themes/wr-nitro/404.php on line 13

2019-06-05T10:00:55+00:00 CRITICAL Uncaught Error: Class 'WR_Nitro' not found in /Users/kenshin/Desktop/web/codeshark_shoes/wp-content/themes/wr-nitro/404.php:13
Stack trace:
#0 /Users/kenshin/Desktop/web/codeshark_shoes/wp-includes/template-loader.php(78): include()
#1 /Users/kenshin/Desktop/web/codeshark_shoes/wp-blog-header.php(19): require_once('/Users/kenshin/...')
#2 /Users/kenshin/Desktop/web/codeshark_shoes/index.php(17): require('/Users/kenshin/...')
#3 {main}
  thrown in /Users/kenshin/Desktop/web/codeshark_shoes/wp-content/themes/wr-nitro/404.php on line 13

2019-06-05T10:00:55+00:00 CRITICAL Uncaught Error: Class 'WR_Nitro' not found in /Users/kenshin/Desktop/web/codeshark_shoes/wp-content/themes/wr-nitro/404.php:13
Stack trace:
#0 /Users/kenshin/Desktop/web/codeshark_shoes/wp-includes/template-loader.php(78): include()
#1 /Users/kenshin/Desktop/web/codeshark_shoes/wp-blog-header.php(19): require_once('/Users/kenshin/...')
#2 /Users/kenshin/Desktop/web/codeshark_shoes/index.php(17): require('/Users/kenshin/...')
#3 {main}
  thrown in /Users/kenshin/Desktop/web/codeshark_shoes/wp-content/themes/wr-nitro/404.php on line 13

2019-06-05T10:00:55+00:00 CRITICAL Uncaught Error: Class 'WR_Nitro' not found in /Users/kenshin/Desktop/web/codeshark_shoes/wp-content/themes/wr-nitro/404.php:13
Stack trace:
#0 /Users/kenshin/Desktop/web/codeshark_shoes/wp-includes/template-loader.php(78): include()
#1 /Users/kenshin/Desktop/web/codeshark_shoes/wp-blog-header.php(19): require_once('/Users/kenshin/...')
#2 /Users/kenshin/Desktop/web/codeshark_shoes/index.php(17): require('/Users/kenshin/...')
#3 {main}
  thrown in /Users/kenshin/Desktop/web/codeshark_shoes/wp-content/themes/wr-nitro/404.php on line 13

2019-06-05T10:00:55+00:00 CRITICAL Uncaught Error: Class 'WR_Nitro' not found in /Users/kenshin/Desktop/web/codeshark_shoes/wp-content/themes/wr-nitro/404.php:13
Stack trace:
#0 /Users/kenshin/Desktop/web/codeshark_shoes/wp-includes/template-loader.php(78): include()
#1 /Users/kenshin/Desktop/web/codeshark_shoes/wp-blog-header.php(19): require_once('/Users/kenshin/...')
#2 /Users/kenshin/Desktop/web/codeshark_shoes/index.php(17): require('/Users/kenshin/...')
#3 {main}
  thrown in /Users/kenshin/Desktop/web/codeshark_shoes/wp-content/themes/wr-nitro/404.php on line 13

2019-06-05T10:00:56+00:00 CRITICAL Uncaught Error: Class 'WR_Nitro' not found in /Users/kenshin/Desktop/web/codeshark_shoes/wp-content/themes/wr-nitro/404.php:13
Stack trace:
#0 /Users/kenshin/Desktop/web/codeshark_shoes/wp-includes/template-loader.php(78): include()
#1 /Users/kenshin/Desktop/web/codeshark_shoes/wp-blog-header.php(19): require_once('/Users/kenshin/...')
#2 /Users/kenshin/Desktop/web/codeshark_shoes/index.php(17): require('/Users/kenshin/...')
#3 {main}
  thrown in /Users/kenshin/Desktop/web/codeshark_shoes/wp-content/themes/wr-nitro/404.php on line 13

2019-06-05T10:00:56+00:00 CRITICAL Uncaught Error: Class 'WR_Nitro' not found in /Users/kenshin/Desktop/web/codeshark_shoes/wp-content/themes/wr-nitro/404.php:13
Stack trace:
#0 /Users/kenshin/Desktop/web/codeshark_shoes/wp-includes/template-loader.php(78): include()
#1 /Users/kenshin/Desktop/web/codeshark_shoes/wp-blog-header.php(19): require_once('/Users/kenshin/...')
#2 /Users/kenshin/Desktop/web/codeshark_shoes/index.php(17): require('/Users/kenshin/...')
#3 {main}
  thrown in /Users/kenshin/Desktop/web/codeshark_shoes/wp-content/themes/wr-nitro/404.php on line 13

2019-06-05T10:00:56+00:00 CRITICAL Uncaught Error: Class 'WR_Nitro' not found in /Users/kenshin/Desktop/web/codeshark_shoes/wp-content/themes/wr-nitro/404.php:13
Stack trace:
#0 /Users/kenshin/Desktop/web/codeshark_shoes/wp-includes/template-loader.php(78): include()
#1 /Users/kenshin/Desktop/web/codeshark_shoes/wp-blog-header.php(19): require_once('/Users/kenshin/...')
#2 /Users/kenshin/Desktop/web/codeshark_shoes/index.php(17): require('/Users/kenshin/...')
#3 {main}
  thrown in /Users/kenshin/Desktop/web/codeshark_shoes/wp-content/themes/wr-nitro/404.php on line 13

2019-06-05T10:00:56+00:00 CRITICAL Uncaught Error: Class 'WR_Nitro' not found in /Users/kenshin/Desktop/web/codeshark_shoes/wp-content/themes/wr-nitro/404.php:13
Stack trace:
#0 /Users/kenshin/Desktop/web/codeshark_shoes/wp-includes/template-loader.php(78): include()
#1 /Users/kenshin/Desktop/web/codeshark_shoes/wp-blog-header.php(19): require_once('/Users/kenshin/...')
#2 /Users/kenshin/Desktop/web/codeshark_shoes/index.php(17): require('/Users/kenshin/...')
#3 {main}
  thrown in /Users/kenshin/Desktop/web/codeshark_shoes/wp-content/themes/wr-nitro/404.php on line 13

2019-06-05T10:00:57+00:00 CRITICAL Uncaught Error: Class 'WR_Nitro' not found in /Users/kenshin/Desktop/web/codeshark_shoes/wp-content/themes/wr-nitro/404.php:13
Stack trace:
#0 /Users/kenshin/Desktop/web/codeshark_shoes/wp-includes/template-loader.php(78): include()
#1 /Users/kenshin/Desktop/web/codeshark_shoes/wp-blog-header.php(19): require_once('/Users/kenshin/...')
#2 /Users/kenshin/Desktop/web/codeshark_shoes/index.php(17): require('/Users/kenshin/...')
#3 {main}
  thrown in /Users/kenshin/Desktop/web/codeshark_shoes/wp-content/themes/wr-nitro/404.php on line 13

2019-06-05T10:00:57+00:00 CRITICAL Uncaught Error: Class 'WR_Nitro' not found in /Users/kenshin/Desktop/web/codeshark_shoes/wp-content/themes/wr-nitro/404.php:13
Stack trace:
#0 /Users/kenshin/Desktop/web/codeshark_shoes/wp-includes/template-loader.php(78): include()
#1 /Users/kenshin/Desktop/web/codeshark_shoes/wp-blog-header.php(19): require_once('/Users/kenshin/...')
#2 /Users/kenshin/Desktop/web/codeshark_shoes/index.php(17): require('/Users/kenshin/...')
#3 {main}
  thrown in /Users/kenshin/Desktop/web/codeshark_shoes/wp-content/themes/wr-nitro/404.php on line 13

2019-06-05T10:00:58+00:00 CRITICAL Uncaught Error: Class 'WR_Nitro' not found in /Users/kenshin/Desktop/web/codeshark_shoes/wp-content/themes/wr-nitro/404.php:13
Stack trace:
#0 /Users/kenshin/Desktop/web/codeshark_shoes/wp-includes/template-loader.php(78): include()
#1 /Users/kenshin/Desktop/web/codeshark_shoes/wp-blog-header.php(19): require_once('/Users/kenshin/...')
#2 /Users/kenshin/Desktop/web/codeshark_shoes/index.php(17): require('/Users/kenshin/...')
#3 {main}
  thrown in /Users/kenshin/Desktop/web/codeshark_shoes/wp-content/themes/wr-nitro/404.php on line 13

2019-06-05T10:00:58+00:00 CRITICAL Uncaught Error: Class 'WR_Nitro' not found in /Users/kenshin/Desktop/web/codeshark_shoes/wp-content/themes/wr-nitro/404.php:13
Stack trace:
#0 /Users/kenshin/Desktop/web/codeshark_shoes/wp-includes/template-loader.php(78): include()
#1 /Users/kenshin/Desktop/web/codeshark_shoes/wp-blog-header.php(19): require_once('/Users/kenshin/...')
#2 /Users/kenshin/Desktop/web/codeshark_shoes/index.php(17): require('/Users/kenshin/...')
#3 {main}
  thrown in /Users/kenshin/Desktop/web/codeshark_shoes/wp-content/themes/wr-nitro/404.php on line 13

2019-06-05T10:00:58+00:00 CRITICAL Uncaught Error: Class 'WR_Nitro' not found in /Users/kenshin/Desktop/web/codeshark_shoes/wp-content/themes/wr-nitro/404.php:13
Stack trace:
#0 /Users/kenshin/Desktop/web/codeshark_shoes/wp-includes/template-loader.php(78): include()
#1 /Users/kenshin/Desktop/web/codeshark_shoes/wp-blog-header.php(19): require_once('/Users/kenshin/...')
#2 /Users/kenshin/Desktop/web/codeshark_shoes/index.php(17): require('/Users/kenshin/...')
#3 {main}
  thrown in /Users/kenshin/Desktop/web/codeshark_shoes/wp-content/themes/wr-nitro/404.php on line 13

2019-06-05T10:00:59+00:00 CRITICAL Uncaught Error: Class 'WR_Nitro' not found in /Users/kenshin/Desktop/web/codeshark_shoes/wp-content/themes/wr-nitro/404.php:13
Stack trace:
#0 /Users/kenshin/Desktop/web/codeshark_shoes/wp-includes/template-loader.php(78): include()
#1 /Users/kenshin/Desktop/web/codeshark_shoes/wp-blog-header.php(19): require_once('/Users/kenshin/...')
#2 /Users/kenshin/Desktop/web/codeshark_shoes/index.php(17): require('/Users/kenshin/...')
#3 {main}
  thrown in /Users/kenshin/Desktop/web/codeshark_shoes/wp-content/themes/wr-nitro/404.php on line 13

2019-06-05T10:00:59+00:00 CRITICAL Uncaught Error: Class 'WR_Nitro' not found in /Users/kenshin/Desktop/web/codeshark_shoes/wp-content/themes/wr-nitro/404.php:13
Stack trace:
#0 /Users/kenshin/Desktop/web/codeshark_shoes/wp-includes/template-loader.php(78): include()
#1 /Users/kenshin/Desktop/web/codeshark_shoes/wp-blog-header.php(19): require_once('/Users/kenshin/...')
#2 /Users/kenshin/Desktop/web/codeshark_shoes/index.php(17): require('/Users/kenshin/...')
#3 {main}
  thrown in /Users/kenshin/Desktop/web/codeshark_shoes/wp-content/themes/wr-nitro/404.php on line 13

2019-06-05T10:01:00+00:00 CRITICAL Uncaught Error: Class 'WR_Nitro' not found in /Users/kenshin/Desktop/web/codeshark_shoes/wp-content/themes/wr-nitro/404.php:13
Stack trace:
#0 /Users/kenshin/Desktop/web/codeshark_shoes/wp-includes/template-loader.php(78): include()
#1 /Users/kenshin/Desktop/web/codeshark_shoes/wp-blog-header.php(19): require_once('/Users/kenshin/...')
#2 /Users/kenshin/Desktop/web/codeshark_shoes/index.php(17): require('/Users/kenshin/...')
#3 {main}
  thrown in /Users/kenshin/Desktop/web/codeshark_shoes/wp-content/themes/wr-nitro/404.php on line 13

2019-06-05T10:01:00+00:00 CRITICAL Uncaught Error: Class 'WR_Nitro' not found in /Users/kenshin/Desktop/web/codeshark_shoes/wp-content/themes/wr-nitro/404.php:13
Stack trace:
#0 /Users/kenshin/Desktop/web/codeshark_shoes/wp-includes/template-loader.php(78): include()
#1 /Users/kenshin/Desktop/web/codeshark_shoes/wp-blog-header.php(19): require_once('/Users/kenshin/...')
#2 /Users/kenshin/Desktop/web/codeshark_shoes/index.php(17): require('/Users/kenshin/...')
#3 {main}
  thrown in /Users/kenshin/Desktop/web/codeshark_shoes/wp-content/themes/wr-nitro/404.php on line 13

2019-06-05T10:01:00+00:00 CRITICAL Uncaught Error: Class 'WR_Nitro' not found in /Users/kenshin/Desktop/web/codeshark_shoes/wp-content/themes/wr-nitro/404.php:13
Stack trace:
#0 /Users/kenshin/Desktop/web/codeshark_shoes/wp-includes/template-loader.php(78): include()
#1 /Users/kenshin/Desktop/web/codeshark_shoes/wp-blog-header.php(19): require_once('/Users/kenshin/...')
#2 /Users/kenshin/Desktop/web/codeshark_shoes/index.php(17): require('/Users/kenshin/...')
#3 {main}
  thrown in /Users/kenshin/Desktop/web/codeshark_shoes/wp-content/themes/wr-nitro/404.php on line 13

2019-06-05T10:01:00+00:00 CRITICAL Uncaught Error: Class 'WR_Nitro' not found in /Users/kenshin/Desktop/web/codeshark_shoes/wp-content/themes/wr-nitro/404.php:13
Stack trace:
#0 /Users/kenshin/Desktop/web/codeshark_shoes/wp-includes/template-loader.php(78): include()
#1 /Users/kenshin/Desktop/web/codeshark_shoes/wp-blog-header.php(19): require_once('/Users/kenshin/...')
#2 /Users/kenshin/Desktop/web/codeshark_shoes/index.php(17): require('/Users/kenshin/...')
#3 {main}
  thrown in /Users/kenshin/Desktop/web/codeshark_shoes/wp-content/themes/wr-nitro/404.php on line 13

2019-06-05T10:01:01+00:00 CRITICAL Uncaught Error: Class 'WR_Nitro' not found in /Users/kenshin/Desktop/web/codeshark_shoes/wp-content/themes/wr-nitro/404.php:13
Stack trace:
#0 /Users/kenshin/Desktop/web/codeshark_shoes/wp-includes/template-loader.php(78): include()
#1 /Users/kenshin/Desktop/web/codeshark_shoes/wp-blog-header.php(19): require_once('/Users/kenshin/...')
#2 /Users/kenshin/Desktop/web/codeshark_shoes/index.php(17): require('/Users/kenshin/...')
#3 {main}
  thrown in /Users/kenshin/Desktop/web/codeshark_shoes/wp-content/themes/wr-nitro/404.php on line 13

2019-06-05T10:01:01+00:00 CRITICAL Uncaught Error: Class 'WR_Nitro' not found in /Users/kenshin/Desktop/web/codeshark_shoes/wp-content/themes/wr-nitro/404.php:13
Stack trace:
#0 /Users/kenshin/Desktop/web/codeshark_shoes/wp-includes/template-loader.php(78): include()
#1 /Users/kenshin/Desktop/web/codeshark_shoes/wp-blog-header.php(19): require_once('/Users/kenshin/...')
#2 /Users/kenshin/Desktop/web/codeshark_shoes/index.php(17): require('/Users/kenshin/...')
#3 {main}
  thrown in /Users/kenshin/Desktop/web/codeshark_shoes/wp-content/themes/wr-nitro/404.php on line 13

2019-06-05T10:01:01+00:00 CRITICAL Uncaught Error: Class 'WR_Nitro' not found in /Users/kenshin/Desktop/web/codeshark_shoes/wp-content/themes/wr-nitro/404.php:13
Stack trace:
#0 /Users/kenshin/Desktop/web/codeshark_shoes/wp-includes/template-loader.php(78): include()
#1 /Users/kenshin/Desktop/web/codeshark_shoes/wp-blog-header.php(19): require_once('/Users/kenshin/...')
#2 /Users/kenshin/Desktop/web/codeshark_shoes/index.php(17): require('/Users/kenshin/...')
#3 {main}
  thrown in /Users/kenshin/Desktop/web/codeshark_shoes/wp-content/themes/wr-nitro/404.php on line 13

2019-06-05T10:01:01+00:00 CRITICAL Uncaught Error: Class 'WR_Nitro' not found in /Users/kenshin/Desktop/web/codeshark_shoes/wp-content/themes/wr-nitro/404.php:13
Stack trace:
#0 /Users/kenshin/Desktop/web/codeshark_shoes/wp-includes/template-loader.php(78): include()
#1 /Users/kenshin/Desktop/web/codeshark_shoes/wp-blog-header.php(19): require_once('/Users/kenshin/...')
#2 /Users/kenshin/Desktop/web/codeshark_shoes/index.php(17): require('/Users/kenshin/...')
#3 {main}
  thrown in /Users/kenshin/Desktop/web/codeshark_shoes/wp-content/themes/wr-nitro/404.php on line 13

2019-06-05T10:01:02+00:00 CRITICAL Uncaught Error: Class 'WR_Nitro' not found in /Users/kenshin/Desktop/web/codeshark_shoes/wp-content/themes/wr-nitro/404.php:13
Stack trace:
#0 /Users/kenshin/Desktop/web/codeshark_shoes/wp-includes/template-loader.php(78): include()
#1 /Users/kenshin/Desktop/web/codeshark_shoes/wp-blog-header.php(19): require_once('/Users/kenshin/...')
#2 /Users/kenshin/Desktop/web/codeshark_shoes/index.php(17): require('/Users/kenshin/...')
#3 {main}
  thrown in /Users/kenshin/Desktop/web/codeshark_shoes/wp-content/themes/wr-nitro/404.php on line 13

2019-06-05T10:01:02+00:00 CRITICAL Uncaught Error: Class 'WR_Nitro' not found in /Users/kenshin/Desktop/web/codeshark_shoes/wp-content/themes/wr-nitro/404.php:13
Stack trace:
#0 /Users/kenshin/Desktop/web/codeshark_shoes/wp-includes/template-loader.php(78): include()
#1 /Users/kenshin/Desktop/web/codeshark_shoes/wp-blog-header.php(19): require_once('/Users/kenshin/...')
#2 /Users/kenshin/Desktop/web/codeshark_shoes/index.php(17): require('/Users/kenshin/...')
#3 {main}
  thrown in /Users/kenshin/Desktop/web/codeshark_shoes/wp-content/themes/wr-nitro/404.php on line 13

2019-06-05T10:01:02+00:00 CRITICAL Uncaught Error: Class 'WR_Nitro' not found in /Users/kenshin/Desktop/web/codeshark_shoes/wp-content/themes/wr-nitro/404.php:13
Stack trace:
#0 /Users/kenshin/Desktop/web/codeshark_shoes/wp-includes/template-loader.php(78): include()
#1 /Users/kenshin/Desktop/web/codeshark_shoes/wp-blog-header.php(19): require_once('/Users/kenshin/...')
#2 /Users/kenshin/Desktop/web/codeshark_shoes/index.php(17): require('/Users/kenshin/...')
#3 {main}
  thrown in /Users/kenshin/Desktop/web/codeshark_shoes/wp-content/themes/wr-nitro/404.php on line 13

2019-06-05T10:01:03+00:00 CRITICAL Uncaught Error: Class 'WR_Nitro' not found in /Users/kenshin/Desktop/web/codeshark_shoes/wp-content/themes/wr-nitro/404.php:13
Stack trace:
#0 /Users/kenshin/Desktop/web/codeshark_shoes/wp-includes/template-loader.php(78): include()
#1 /Users/kenshin/Desktop/web/codeshark_shoes/wp-blog-header.php(19): require_once('/Users/kenshin/...')
#2 /Users/kenshin/Desktop/web/codeshark_shoes/index.php(17): require('/Users/kenshin/...')
#3 {main}
  thrown in /Users/kenshin/Desktop/web/codeshark_shoes/wp-content/themes/wr-nitro/404.php on line 13

2019-06-05T10:01:03+00:00 CRITICAL Uncaught Error: Class 'WR_Nitro' not found in /Users/kenshin/Desktop/web/codeshark_shoes/wp-content/themes/wr-nitro/404.php:13
Stack trace:
#0 /Users/kenshin/Desktop/web/codeshark_shoes/wp-includes/template-loader.php(78): include()
#1 /Users/kenshin/Desktop/web/codeshark_shoes/wp-blog-header.php(19): require_once('/Users/kenshin/...')
#2 /Users/kenshin/Desktop/web/codeshark_shoes/index.php(17): require('/Users/kenshin/...')
#3 {main}
  thrown in /Users/kenshin/Desktop/web/codeshark_shoes/wp-content/themes/wr-nitro/404.php on line 13

2019-06-05T10:01:03+00:00 CRITICAL Uncaught Error: Class 'WR_Nitro' not found in /Users/kenshin/Desktop/web/codeshark_shoes/wp-content/themes/wr-nitro/page.php:13
Stack trace:
#0 /Users/kenshin/Desktop/web/codeshark_shoes/wp-includes/template-loader.php(78): include()
#1 /Users/kenshin/Desktop/web/codeshark_shoes/wp-blog-header.php(19): require_once('/Users/kenshin/...')
#2 /Users/kenshin/Desktop/web/codeshark_shoes/index.php(17): require('/Users/kenshin/...')
#3 {main}
  thrown in /Users/kenshin/Desktop/web/codeshark_shoes/wp-content/themes/wr-nitro/page.php on line 13

2019-06-05T10:01:04+00:00 CRITICAL Uncaught Error: Class 'WR_Nitro' not found in /Users/kenshin/Desktop/web/codeshark_shoes/wp-content/themes/wr-nitro/404.php:13
Stack trace:
#0 /Users/kenshin/Desktop/web/codeshark_shoes/wp-includes/template-loader.php(78): include()
#1 /Users/kenshin/Desktop/web/codeshark_shoes/wp-blog-header.php(19): require_once('/Users/kenshin/...')
#2 /Users/kenshin/Desktop/web/codeshark_shoes/index.php(17): require('/Users/kenshin/...')
#3 {main}
  thrown in /Users/kenshin/Desktop/web/codeshark_shoes/wp-content/themes/wr-nitro/404.php on line 13

2019-06-05T10:01:04+00:00 CRITICAL Uncaught Error: Class 'WR_Nitro' not found in /Users/kenshin/Desktop/web/codeshark_shoes/wp-content/themes/wr-nitro/404.php:13
Stack trace:
#0 /Users/kenshin/Desktop/web/codeshark_shoes/wp-includes/template-loader.php(78): include()
#1 /Users/kenshin/Desktop/web/codeshark_shoes/wp-blog-header.php(19): require_once('/Users/kenshin/...')
#2 /Users/kenshin/Desktop/web/codeshark_shoes/index.php(17): require('/Users/kenshin/...')
#3 {main}
  thrown in /Users/kenshin/Desktop/web/codeshark_shoes/wp-content/themes/wr-nitro/404.php on line 13

2019-06-05T10:01:04+00:00 CRITICAL Uncaught Error: Class 'WR_Nitro' not found in /Users/kenshin/Desktop/web/codeshark_shoes/wp-content/themes/wr-nitro/404.php:13
Stack trace:
#0 /Users/kenshin/Desktop/web/codeshark_shoes/wp-includes/template-loader.php(78): include()
#1 /Users/kenshin/Desktop/web/codeshark_shoes/wp-blog-header.php(19): require_once('/Users/kenshin/...')
#2 /Users/kenshin/Desktop/web/codeshark_shoes/index.php(17): require('/Users/kenshin/...')
#3 {main}
  thrown in /Users/kenshin/Desktop/web/codeshark_shoes/wp-content/themes/wr-nitro/404.php on line 13

2019-06-05T10:01:05+00:00 CRITICAL Uncaught Error: Class 'WR_Nitro' not found in /Users/kenshin/Desktop/web/codeshark_shoes/wp-content/themes/wr-nitro/404.php:13
Stack trace:
#0 /Users/kenshin/Desktop/web/codeshark_shoes/wp-includes/template-loader.php(78): include()
#1 /Users/kenshin/Desktop/web/codeshark_shoes/wp-blog-header.php(19): require_once('/Users/kenshin/...')
#2 /Users/kenshin/Desktop/web/codeshark_shoes/index.php(17): require('/Users/kenshin/...')
#3 {main}
  thrown in /Users/kenshin/Desktop/web/codeshark_shoes/wp-content/themes/wr-nitro/404.php on line 13

2019-06-05T10:01:05+00:00 CRITICAL Uncaught Error: Class 'WR_Nitro' not found in /Users/kenshin/Desktop/web/codeshark_shoes/wp-content/themes/wr-nitro/404.php:13
Stack trace:
#0 /Users/kenshin/Desktop/web/codeshark_shoes/wp-includes/template-loader.php(78): include()
#1 /Users/kenshin/Desktop/web/codeshark_shoes/wp-blog-header.php(19): require_once('/Users/kenshin/...')
#2 /Users/kenshin/Desktop/web/codeshark_shoes/index.php(17): require('/Users/kenshin/...')
#3 {main}
  thrown in /Users/kenshin/Desktop/web/codeshark_shoes/wp-content/themes/wr-nitro/404.php on line 13

2019-06-05T10:01:05+00:00 CRITICAL Uncaught Error: Class 'WR_Nitro' not found in /Users/kenshin/Desktop/web/codeshark_shoes/wp-content/themes/wr-nitro/404.php:13
Stack trace:
#0 /Users/kenshin/Desktop/web/codeshark_shoes/wp-includes/template-loader.php(78): include()
#1 /Users/kenshin/Desktop/web/codeshark_shoes/wp-blog-header.php(19): require_once('/Users/kenshin/...')
#2 /Users/kenshin/Desktop/web/codeshark_shoes/index.php(17): require('/Users/kenshin/...')
#3 {main}
  thrown in /Users/kenshin/Desktop/web/codeshark_shoes/wp-content/themes/wr-nitro/404.php on line 13

2019-06-05T10:01:06+00:00 CRITICAL Uncaught Error: Class 'WR_Nitro' not found in /Users/kenshin/Desktop/web/codeshark_shoes/wp-content/themes/wr-nitro/404.php:13
Stack trace:
#0 /Users/kenshin/Desktop/web/codeshark_shoes/wp-includes/template-loader.php(78): include()
#1 /Users/kenshin/Desktop/web/codeshark_shoes/wp-blog-header.php(19): require_once('/Users/kenshin/...')
#2 /Users/kenshin/Desktop/web/codeshark_shoes/index.php(17): require('/Users/kenshin/...')
#3 {main}
  thrown in /Users/kenshin/Desktop/web/codeshark_shoes/wp-content/themes/wr-nitro/404.php on line 13

2019-06-05T10:01:06+00:00 CRITICAL Uncaught Error: Class 'WR_Nitro' not found in /Users/kenshin/Desktop/web/codeshark_shoes/wp-content/themes/wr-nitro/404.php:13
Stack trace:
#0 /Users/kenshin/Desktop/web/codeshark_shoes/wp-includes/template-loader.php(78): include()
#1 /Users/kenshin/Desktop/web/codeshark_shoes/wp-blog-header.php(19): require_once('/Users/kenshin/...')
#2 /Users/kenshin/Desktop/web/codeshark_shoes/index.php(17): require('/Users/kenshin/...')
#3 {main}
  thrown in /Users/kenshin/Desktop/web/codeshark_shoes/wp-content/themes/wr-nitro/404.php on line 13

2019-06-05T10:01:06+00:00 CRITICAL Uncaught Error: Class 'WR_Nitro' not found in /Users/kenshin/Desktop/web/codeshark_shoes/wp-content/themes/wr-nitro/404.php:13
Stack trace:
#0 /Users/kenshin/Desktop/web/codeshark_shoes/wp-includes/template-loader.php(78): include()
#1 /Users/kenshin/Desktop/web/codeshark_shoes/wp-blog-header.php(19): require_once('/Users/kenshin/...')
#2 /Users/kenshin/Desktop/web/codeshark_shoes/index.php(17): require('/Users/kenshin/...')
#3 {main}
  thrown in /Users/kenshin/Desktop/web/codeshark_shoes/wp-content/themes/wr-nitro/404.php on line 13

2019-06-05T10:01:06+00:00 CRITICAL Uncaught Error: Class 'WR_Nitro' not found in /Users/kenshin/Desktop/web/codeshark_shoes/wp-content/themes/wr-nitro/404.php:13
Stack trace:
#0 /Users/kenshin/Desktop/web/codeshark_shoes/wp-includes/template-loader.php(78): include()
#1 /Users/kenshin/Desktop/web/codeshark_shoes/wp-blog-header.php(19): require_once('/Users/kenshin/...')
#2 /Users/kenshin/Desktop/web/codeshark_shoes/index.php(17): require('/Users/kenshin/...')
#3 {main}
  thrown in /Users/kenshin/Desktop/web/codeshark_shoes/wp-content/themes/wr-nitro/404.php on line 13

2019-06-05T10:01:07+00:00 CRITICAL Uncaught Error: Class 'WR_Nitro' not found in /Users/kenshin/Desktop/web/codeshark_shoes/wp-content/themes/wr-nitro/404.php:13
Stack trace:
#0 /Users/kenshin/Desktop/web/codeshark_shoes/wp-includes/template-loader.php(78): include()
#1 /Users/kenshin/Desktop/web/codeshark_shoes/wp-blog-header.php(19): require_once('/Users/kenshin/...')
#2 /Users/kenshin/Desktop/web/codeshark_shoes/index.php(17): require('/Users/kenshin/...')
#3 {main}
  thrown in /Users/kenshin/Desktop/web/codeshark_shoes/wp-content/themes/wr-nitro/404.php on line 13

2019-06-05T10:01:07+00:00 CRITICAL Uncaught Error: Class 'WR_Nitro' not found in /Users/kenshin/Desktop/web/codeshark_shoes/wp-content/themes/wr-nitro/404.php:13
Stack trace:
#0 /Users/kenshin/Desktop/web/codeshark_shoes/wp-includes/template-loader.php(78): include()
#1 /Users/kenshin/Desktop/web/codeshark_shoes/wp-blog-header.php(19): require_once('/Users/kenshin/...')
#2 /Users/kenshin/Desktop/web/codeshark_shoes/index.php(17): require('/Users/kenshin/...')
#3 {main}
  thrown in /Users/kenshin/Desktop/web/codeshark_shoes/wp-content/themes/wr-nitro/404.php on line 13

2019-06-05T10:01:07+00:00 CRITICAL Uncaught Error: Class 'WR_Nitro' not found in /Users/kenshin/Desktop/web/codeshark_shoes/wp-content/themes/wr-nitro/page.php:13
Stack trace:
#0 /Users/kenshin/Desktop/web/codeshark_shoes/wp-includes/template-loader.php(78): include()
#1 /Users/kenshin/Desktop/web/codeshark_shoes/wp-blog-header.php(19): require_once('/Users/kenshin/...')
#2 /Users/kenshin/Desktop/web/codeshark_shoes/index.php(17): require('/Users/kenshin/...')
#3 {main}
  thrown in /Users/kenshin/Desktop/web/codeshark_shoes/wp-content/themes/wr-nitro/page.php on line 13

2019-06-05T10:01:08+00:00 CRITICAL Uncaught Error: Class 'WR_Nitro' not found in /Users/kenshin/Desktop/web/codeshark_shoes/wp-content/themes/wr-nitro/404.php:13
Stack trace:
#0 /Users/kenshin/Desktop/web/codeshark_shoes/wp-includes/template-loader.php(78): include()
#1 /Users/kenshin/Desktop/web/codeshark_shoes/wp-blog-header.php(19): require_once('/Users/kenshin/...')
#2 /Users/kenshin/Desktop/web/codeshark_shoes/index.php(17): require('/Users/kenshin/...')
#3 {main}
  thrown in /Users/kenshin/Desktop/web/codeshark_shoes/wp-content/themes/wr-nitro/404.php on line 13

2019-06-05T10:01:08+00:00 CRITICAL Uncaught Error: Class 'WR_Nitro' not found in /Users/kenshin/Desktop/web/codeshark_shoes/wp-content/themes/wr-nitro/404.php:13
Stack trace:
#0 /Users/kenshin/Desktop/web/codeshark_shoes/wp-includes/template-loader.php(78): include()
#1 /Users/kenshin/Desktop/web/codeshark_shoes/wp-blog-header.php(19): require_once('/Users/kenshin/...')
#2 /Users/kenshin/Desktop/web/codeshark_shoes/index.php(17): require('/Users/kenshin/...')
#3 {main}
  thrown in /Users/kenshin/Desktop/web/codeshark_shoes/wp-content/themes/wr-nitro/404.php on line 13

2019-06-05T10:01:08+00:00 CRITICAL Uncaught Error: Class 'WR_Nitro' not found in /Users/kenshin/Desktop/web/codeshark_shoes/wp-content/themes/wr-nitro/404.php:13
Stack trace:
#0 /Users/kenshin/Desktop/web/codeshark_shoes/wp-includes/template-loader.php(78): include()
#1 /Users/kenshin/Desktop/web/codeshark_shoes/wp-blog-header.php(19): require_once('/Users/kenshin/...')
#2 /Users/kenshin/Desktop/web/codeshark_shoes/index.php(17): require('/Users/kenshin/...')
#3 {main}
  thrown in /Users/kenshin/Desktop/web/codeshark_shoes/wp-content/themes/wr-nitro/404.php on line 13

2019-06-05T10:01:08+00:00 CRITICAL Uncaught Error: Class 'WR_Nitro' not found in /Users/kenshin/Desktop/web/codeshark_shoes/wp-content/themes/wr-nitro/404.php:13
Stack trace:
#0 /Users/kenshin/Desktop/web/codeshark_shoes/wp-includes/template-loader.php(78): include()
#1 /Users/kenshin/Desktop/web/codeshark_shoes/wp-blog-header.php(19): require_once('/Users/kenshin/...')
#2 /Users/kenshin/Desktop/web/codeshark_shoes/index.php(17): require('/Users/kenshin/...')
#3 {main}
  thrown in /Users/kenshin/Desktop/web/codeshark_shoes/wp-content/themes/wr-nitro/404.php on line 13

2019-06-05T10:01:09+00:00 CRITICAL Uncaught Error: Class 'WR_Nitro' not found in /Users/kenshin/Desktop/web/codeshark_shoes/wp-content/themes/wr-nitro/404.php:13
Stack trace:
#0 /Users/kenshin/Desktop/web/codeshark_shoes/wp-includes/template-loader.php(78): include()
#1 /Users/kenshin/Desktop/web/codeshark_shoes/wp-blog-header.php(19): require_once('/Users/kenshin/...')
#2 /Users/kenshin/Desktop/web/codeshark_shoes/index.php(17): require('/Users/kenshin/...')
#3 {main}
  thrown in /Users/kenshin/Desktop/web/codeshark_shoes/wp-content/themes/wr-nitro/404.php on line 13

2019-06-05T10:01:09+00:00 CRITICAL Uncaught Error: Class 'WR_Nitro' not found in /Users/kenshin/Desktop/web/codeshark_shoes/wp-content/themes/wr-nitro/404.php:13
Stack trace:
#0 /Users/kenshin/Desktop/web/codeshark_shoes/wp-includes/template-loader.php(78): include()
#1 /Users/kenshin/Desktop/web/codeshark_shoes/wp-blog-header.php(19): require_once('/Users/kenshin/...')
#2 /Users/kenshin/Desktop/web/codeshark_shoes/index.php(17): require('/Users/kenshin/...')
#3 {main}
  thrown in /Users/kenshin/Desktop/web/codeshark_shoes/wp-content/themes/wr-nitro/404.php on line 13

2019-06-05T10:01:10+00:00 CRITICAL Uncaught Error: Class 'WR_Nitro' not found in /Users/kenshin/Desktop/web/codeshark_shoes/wp-content/themes/wr-nitro/404.php:13
Stack trace:
#0 /Users/kenshin/Desktop/web/codeshark_shoes/wp-includes/template-loader.php(78): include()
#1 /Users/kenshin/Desktop/web/codeshark_shoes/wp-blog-header.php(19): require_once('/Users/kenshin/...')
#2 /Users/kenshin/Desktop/web/codeshark_shoes/index.php(17): require('/Users/kenshin/...')
#3 {main}
  thrown in /Users/kenshin/Desktop/web/codeshark_shoes/wp-content/themes/wr-nitro/404.php on line 13

